[2023-03-24T20:10:24.299+0000] {taskinstance.py:1084} INFO - Dependencies all met for dep_context=non-requeueable deps ti=<TaskInstance: tutorial.sleep scheduled__2023-03-23T20:10:12.794401+00:00 [queued]>
[2023-03-24T20:10:24.313+0000] {taskinstance.py:1084} INFO - Dependencies all met for dep_context=requeueable deps ti=<TaskInstance: tutorial.sleep scheduled__2023-03-23T20:10:12.794401+00:00 [queued]>
[2023-03-24T20:10:24.313+0000] {taskinstance.py:1282} INFO - 
--------------------------------------------------------------------------------
[2023-03-24T20:10:24.313+0000] {taskinstance.py:1283} INFO - Starting attempt 1 of 4
[2023-03-24T20:10:24.313+0000] {taskinstance.py:1284} INFO - 
--------------------------------------------------------------------------------
[2023-03-24T20:10:24.329+0000] {taskinstance.py:1303} INFO - Executing <Task(BashOperator): sleep> on 2023-03-23 20:10:12.794401+00:00
[2023-03-24T20:10:24.333+0000] {standard_task_runner.py:55} INFO - Started process 880 to run task
[2023-03-24T20:10:24.336+0000] {standard_task_runner.py:82} INFO - Running: ['***', 'tasks', 'run', 'tutorial', 'sleep', 'scheduled__2023-03-23T20:10:12.794401+00:00', '--job-id', '26', '--raw', '--subdir', '/home/***/.local/lib/python3.7/site-packages/***/example_dags/tutorial.py', '--cfg-path', '/tmp/tmpm0s4l86z']
[2023-03-24T20:10:24.336+0000] {standard_task_runner.py:83} INFO - Job 26: Subtask sleep
[2023-03-24T20:10:24.409+0000] {task_command.py:388} INFO - Running <TaskInstance: tutorial.sleep scheduled__2023-03-23T20:10:12.794401+00:00 [running]> on host e7c16d9fd17d
[2023-03-24T20:10:24.489+0000] {taskinstance.py:1511} INFO - Exporting the following env vars:
AIRFLOW_CTX_DAG_EMAIL=***@example.com
AIRFLOW_CTX_DAG_OWNER=***
AIRFLOW_CTX_DAG_ID=tutorial
AIRFLOW_CTX_TASK_ID=sleep
AIRFLOW_CTX_EXECUTION_DATE=2023-03-23T20:10:12.794401+00:00
AIRFLOW_CTX_TRY_NUMBER=1
AIRFLOW_CTX_DAG_RUN_ID=scheduled__2023-03-23T20:10:12.794401+00:00
[2023-03-24T20:10:24.490+0000] {subprocess.py:63} INFO - Tmp dir root location: 
 /tmp
[2023-03-24T20:10:24.491+0000] {subprocess.py:75} INFO - Running command: ['/bin/bash', '-c', 'sleep 5']
[2023-03-24T20:10:24.500+0000] {subprocess.py:86} INFO - Output:
[2023-03-24T20:10:29.503+0000] {subprocess.py:97} INFO - Command exited with return code 0
[2023-03-24T20:10:29.541+0000] {taskinstance.py:1326} INFO - Marking task as SUCCESS. dag_id=tutorial, task_id=sleep, execution_date=20230323T201012, start_date=20230324T201024, end_date=20230324T201029
[2023-03-24T20:10:29.565+0000] {local_task_job.py:212} INFO - Task exited with return code 0
[2023-03-24T20:10:29.583+0000] {taskinstance.py:2585} INFO - 0 downstream tasks scheduled from follow-on schedule check
