[2023-03-24T22:01:26.268+0000] {taskinstance.py:1084} INFO - Dependencies all met for dep_context=non-requeueable deps ti=<TaskInstance: process_xml.processing_uniprot_xml dataset_triggered__2023-03-24T22:01:25.326392+00:00 [queued]>
[2023-03-24T22:01:26.275+0000] {taskinstance.py:1084} INFO - Dependencies all met for dep_context=requeueable deps ti=<TaskInstance: process_xml.processing_uniprot_xml dataset_triggered__2023-03-24T22:01:25.326392+00:00 [queued]>
[2023-03-24T22:01:26.276+0000] {taskinstance.py:1282} INFO - 
--------------------------------------------------------------------------------
[2023-03-24T22:01:26.276+0000] {taskinstance.py:1283} INFO - Starting attempt 1 of 1
[2023-03-24T22:01:26.276+0000] {taskinstance.py:1284} INFO - 
--------------------------------------------------------------------------------
[2023-03-24T22:01:26.288+0000] {taskinstance.py:1303} INFO - Executing <Task(BashOperator): processing_uniprot_xml> on 2023-03-24 22:01:25.326392+00:00
[2023-03-24T22:01:26.293+0000] {standard_task_runner.py:55} INFO - Started process 849 to run task
[2023-03-24T22:01:26.295+0000] {standard_task_runner.py:82} INFO - Running: ['***', 'tasks', 'run', 'process_xml', 'processing_uniprot_xml', 'dataset_triggered__2023-03-24T22:01:25.326392+00:00', '--job-id', '22', '--raw', '--subdir', 'DAGS_FOLDER/process_xml.py', '--cfg-path', '/tmp/tmpwfmamjpv']
[2023-03-24T22:01:26.296+0000] {standard_task_runner.py:83} INFO - Job 22: Subtask processing_uniprot_xml
[2023-03-24T22:01:26.357+0000] {task_command.py:388} INFO - Running <TaskInstance: process_xml.processing_uniprot_xml dataset_triggered__2023-03-24T22:01:25.326392+00:00 [running]> on host e3353210e6de
[2023-03-24T22:01:26.444+0000] {taskinstance.py:1511} INFO - Exporting the following env vars:
AIRFLOW_CTX_DAG_OWNER=***
AIRFLOW_CTX_DAG_ID=process_xml
AIRFLOW_CTX_TASK_ID=processing_uniprot_xml
AIRFLOW_CTX_EXECUTION_DATE=2023-03-24T22:01:25.326392+00:00
AIRFLOW_CTX_TRY_NUMBER=1
AIRFLOW_CTX_DAG_RUN_ID=dataset_triggered__2023-03-24T22:01:25.326392+00:00
[2023-03-24T22:01:26.445+0000] {subprocess.py:63} INFO - Tmp dir root location: 
 /tmp
[2023-03-24T22:01:26.446+0000] {subprocess.py:75} INFO - Running command: ['/bin/bash', '-c', 'sleep 5 && cat /opt/***/data/test.txt']
[2023-03-24T22:01:26.457+0000] {subprocess.py:86} INFO - Output:
[2023-03-24T22:01:31.464+0000] {subprocess.py:93} INFO - Fri Mar 24 22:00:01 UTC 2023 running...
[2023-03-24T22:01:31.465+0000] {subprocess.py:97} INFO - Command exited with return code 0
[2023-03-24T22:01:31.533+0000] {warnings.py:110} WARNING - /home/***/.local/lib/python3.7/site-packages/***/models/baseoperator.py:1376: RemovedInAirflow3Warning: Passing 'execution_date' to 'TaskInstance.xcom_push()' is deprecated.
  context["ti"].xcom_push(key=key, value=value, execution_date=execution_date)

[2023-03-24T22:01:31.607+0000] {taskinstance.py:1326} INFO - Marking task as SUCCESS. dag_id=process_xml, task_id=processing_uniprot_xml, execution_date=20230324T220125, start_date=20230324T220126, end_date=20230324T220131
[2023-03-24T22:01:31.664+0000] {local_task_job.py:212} INFO - Task exited with return code 0
[2023-03-24T22:01:31.681+0000] {taskinstance.py:2585} INFO - 0 downstream tasks scheduled from follow-on schedule check
