[2023-03-24T22:13:35.990+0000] {taskinstance.py:1084} INFO - Dependencies all met for dep_context=non-requeueable deps ti=<TaskInstance: process_xml.processing_uniprot_xml dataset_triggered__2023-03-24T22:13:35.014493+00:00 [queued]>
[2023-03-24T22:13:35.997+0000] {taskinstance.py:1084} INFO - Dependencies all met for dep_context=requeueable deps ti=<TaskInstance: process_xml.processing_uniprot_xml dataset_triggered__2023-03-24T22:13:35.014493+00:00 [queued]>
[2023-03-24T22:13:35.997+0000] {taskinstance.py:1282} INFO - 
--------------------------------------------------------------------------------
[2023-03-24T22:13:35.997+0000] {taskinstance.py:1283} INFO - Starting attempt 1 of 1
[2023-03-24T22:13:35.997+0000] {taskinstance.py:1284} INFO - 
--------------------------------------------------------------------------------
[2023-03-24T22:13:36.010+0000] {taskinstance.py:1303} INFO - Executing <Task(BashOperator): processing_uniprot_xml> on 2023-03-24 22:13:35.014493+00:00
[2023-03-24T22:13:36.015+0000] {standard_task_runner.py:55} INFO - Started process 1649 to run task
[2023-03-24T22:13:36.017+0000] {standard_task_runner.py:82} INFO - Running: ['***', 'tasks', 'run', 'process_xml', 'processing_uniprot_xml', 'dataset_triggered__2023-03-24T22:13:35.014493+00:00', '--job-id', '111', '--raw', '--subdir', 'DAGS_FOLDER/process_xml.py', '--cfg-path', '/tmp/tmpkcw3u1cn']
[2023-03-24T22:13:36.018+0000] {standard_task_runner.py:83} INFO - Job 111: Subtask processing_uniprot_xml
[2023-03-24T22:13:36.076+0000] {task_command.py:388} INFO - Running <TaskInstance: process_xml.processing_uniprot_xml dataset_triggered__2023-03-24T22:13:35.014493+00:00 [running]> on host e3353210e6de
[2023-03-24T22:13:36.146+0000] {taskinstance.py:1511} INFO - Exporting the following env vars:
AIRFLOW_CTX_DAG_OWNER=***
AIRFLOW_CTX_DAG_ID=process_xml
AIRFLOW_CTX_TASK_ID=processing_uniprot_xml
AIRFLOW_CTX_EXECUTION_DATE=2023-03-24T22:13:35.014493+00:00
AIRFLOW_CTX_TRY_NUMBER=1
AIRFLOW_CTX_DAG_RUN_ID=dataset_triggered__2023-03-24T22:13:35.014493+00:00
[2023-03-24T22:13:36.147+0000] {subprocess.py:63} INFO - Tmp dir root location: 
 /tmp
[2023-03-24T22:13:36.147+0000] {subprocess.py:75} INFO - Running command: ['/bin/bash', '-c', 'sleep 5 && cat /opt/***/data/test.txt']
[2023-03-24T22:13:36.158+0000] {subprocess.py:86} INFO - Output:
[2023-03-24T22:13:41.162+0000] {subprocess.py:93} INFO - Fri Mar 24 22:00:01 UTC 2023 running...
[2023-03-24T22:13:41.163+0000] {subprocess.py:93} INFO - Fri Mar 24 22:02:01 UTC 2023 running...
[2023-03-24T22:13:41.163+0000] {subprocess.py:93} INFO - Fri Mar 24 22:03:01 UTC 2023 running...
[2023-03-24T22:13:41.163+0000] {subprocess.py:93} INFO - Fri Mar 24 22:04:01 UTC 2023 running...
[2023-03-24T22:13:41.163+0000] {subprocess.py:93} INFO - Fri Mar 24 22:05:39 UTC 2023 running...
[2023-03-24T22:13:41.163+0000] {subprocess.py:93} INFO - Fri Mar 24 22:06:34 UTC 2023 running...
[2023-03-24T22:13:41.163+0000] {subprocess.py:93} INFO - Fri Mar 24 22:07:34 UTC 2023 running...
[2023-03-24T22:13:41.164+0000] {subprocess.py:93} INFO - Fri Mar 24 22:08:34 UTC 2023 running...
[2023-03-24T22:13:41.164+0000] {subprocess.py:93} INFO - Fri Mar 24 22:09:34 UTC 2023 running...
[2023-03-24T22:13:41.164+0000] {subprocess.py:93} INFO - Fri Mar 24 22:10:34 UTC 2023 running...
[2023-03-24T22:13:41.164+0000] {subprocess.py:93} INFO - Fri Mar 24 22:11:34 UTC 2023 running...
[2023-03-24T22:13:41.164+0000] {subprocess.py:93} INFO - Fri Mar 24 22:12:34 UTC 2023 running...
[2023-03-24T22:13:41.164+0000] {subprocess.py:93} INFO - Fri Mar 24 22:13:34 UTC 2023 running...
[2023-03-24T22:13:41.164+0000] {subprocess.py:97} INFO - Command exited with return code 0
[2023-03-24T22:13:41.203+0000] {taskinstance.py:1326} INFO - Marking task as SUCCESS. dag_id=process_xml, task_id=processing_uniprot_xml, execution_date=20230324T221335, start_date=20230324T221335, end_date=20230324T221341
[2023-03-24T22:13:41.248+0000] {local_task_job.py:212} INFO - Task exited with return code 0
[2023-03-24T22:13:41.270+0000] {taskinstance.py:2585} INFO - 0 downstream tasks scheduled from follow-on schedule check
