[2023-03-24T22:06:34.029+0000] {taskinstance.py:1084} INFO - Dependencies all met for dep_context=non-requeueable deps ti=<TaskInstance: update_xml.producing_xml_data scheduled__2023-03-24T22:05:33.147903+00:00 [queued]>
[2023-03-24T22:06:34.036+0000] {taskinstance.py:1084} INFO - Dependencies all met for dep_context=requeueable deps ti=<TaskInstance: update_xml.producing_xml_data scheduled__2023-03-24T22:05:33.147903+00:00 [queued]>
[2023-03-24T22:06:34.036+0000] {taskinstance.py:1282} INFO - 
--------------------------------------------------------------------------------
[2023-03-24T22:06:34.036+0000] {taskinstance.py:1283} INFO - Starting attempt 1 of 1
[2023-03-24T22:06:34.037+0000] {taskinstance.py:1284} INFO - 
--------------------------------------------------------------------------------
[2023-03-24T22:06:34.049+0000] {taskinstance.py:1303} INFO - Executing <Task(BashOperator): producing_xml_data> on 2023-03-24 22:05:33.147903+00:00
[2023-03-24T22:06:34.054+0000] {standard_task_runner.py:55} INFO - Started process 1328 to run task
[2023-03-24T22:06:34.057+0000] {standard_task_runner.py:82} INFO - Running: ['***', 'tasks', 'run', 'update_xml', 'producing_xml_data', 'scheduled__2023-03-24T22:05:33.147903+00:00', '--job-id', '96', '--raw', '--subdir', 'DAGS_FOLDER/process_xml.py', '--cfg-path', '/tmp/tmpu0t_1kqw']
[2023-03-24T22:06:34.057+0000] {standard_task_runner.py:83} INFO - Job 96: Subtask producing_xml_data
[2023-03-24T22:06:34.119+0000] {task_command.py:388} INFO - Running <TaskInstance: update_xml.producing_xml_data scheduled__2023-03-24T22:05:33.147903+00:00 [running]> on host e3353210e6de
[2023-03-24T22:06:34.193+0000] {taskinstance.py:1511} INFO - Exporting the following env vars:
AIRFLOW_CTX_DAG_OWNER=***
AIRFLOW_CTX_DAG_ID=update_xml
AIRFLOW_CTX_TASK_ID=producing_xml_data
AIRFLOW_CTX_EXECUTION_DATE=2023-03-24T22:05:33.147903+00:00
AIRFLOW_CTX_TRY_NUMBER=1
AIRFLOW_CTX_DAG_RUN_ID=scheduled__2023-03-24T22:05:33.147903+00:00
[2023-03-24T22:06:34.194+0000] {subprocess.py:63} INFO - Tmp dir root location: 
 /tmp
[2023-03-24T22:06:34.194+0000] {subprocess.py:75} INFO - Running command: ['/bin/bash', '-c', 'echo "`date` running..." >> /opt/***/data/test.txt']
[2023-03-24T22:06:34.204+0000] {subprocess.py:86} INFO - Output:
[2023-03-24T22:06:34.208+0000] {subprocess.py:97} INFO - Command exited with return code 0
[2023-03-24T22:06:34.231+0000] {warnings.py:110} WARNING - /home/***/.local/lib/python3.7/site-packages/***/models/baseoperator.py:1376: RemovedInAirflow3Warning: Passing 'execution_date' to 'TaskInstance.xcom_push()' is deprecated.
  context["ti"].xcom_push(key=key, value=value, execution_date=execution_date)

[2023-03-24T22:06:34.256+0000] {taskinstance.py:1326} INFO - Marking task as SUCCESS. dag_id=update_xml, task_id=producing_xml_data, execution_date=20230324T220533, start_date=20230324T220634, end_date=20230324T220634
[2023-03-24T22:06:34.309+0000] {local_task_job.py:212} INFO - Task exited with return code 0
[2023-03-24T22:06:34.378+0000] {taskinstance.py:2585} INFO - 0 downstream tasks scheduled from follow-on schedule check
