[2023-03-24T20:06:09.144+0000] {taskinstance.py:1084} INFO - Dependencies all met for dep_context=non-requeueable deps ti=<TaskInstance: dataset_produces_1.producing_task_1 scheduled__2023-03-23T00:00:00+00:00 [queued]>
[2023-03-24T20:06:09.152+0000] {taskinstance.py:1084} INFO - Dependencies all met for dep_context=requeueable deps ti=<TaskInstance: dataset_produces_1.producing_task_1 scheduled__2023-03-23T00:00:00+00:00 [queued]>
[2023-03-24T20:06:09.153+0000] {taskinstance.py:1282} INFO - 
--------------------------------------------------------------------------------
[2023-03-24T20:06:09.153+0000] {taskinstance.py:1283} INFO - Starting attempt 1 of 1
[2023-03-24T20:06:09.153+0000] {taskinstance.py:1284} INFO - 
--------------------------------------------------------------------------------
[2023-03-24T20:06:09.166+0000] {taskinstance.py:1303} INFO - Executing <Task(BashOperator): producing_task_1> on 2023-03-23 00:00:00+00:00
[2023-03-24T20:06:09.170+0000] {standard_task_runner.py:55} INFO - Started process 587 to run task
[2023-03-24T20:06:09.172+0000] {standard_task_runner.py:82} INFO - Running: ['***', 'tasks', 'run', 'dataset_produces_1', 'producing_task_1', 'scheduled__2023-03-23T00:00:00+00:00', '--job-id', '5', '--raw', '--subdir', '/home/***/.local/lib/python3.7/site-packages/***/example_dags/example_datasets.py', '--cfg-path', '/tmp/tmpnzhs7hs1']
[2023-03-24T20:06:09.173+0000] {standard_task_runner.py:83} INFO - Job 5: Subtask producing_task_1
[2023-03-24T20:06:09.232+0000] {task_command.py:388} INFO - Running <TaskInstance: dataset_produces_1.producing_task_1 scheduled__2023-03-23T00:00:00+00:00 [running]> on host e7c16d9fd17d
[2023-03-24T20:06:09.307+0000] {taskinstance.py:1511} INFO - Exporting the following env vars:
AIRFLOW_CTX_DAG_OWNER=***
AIRFLOW_CTX_DAG_ID=dataset_produces_1
AIRFLOW_CTX_TASK_ID=producing_task_1
AIRFLOW_CTX_EXECUTION_DATE=2023-03-23T00:00:00+00:00
AIRFLOW_CTX_TRY_NUMBER=1
AIRFLOW_CTX_DAG_RUN_ID=scheduled__2023-03-23T00:00:00+00:00
[2023-03-24T20:06:09.308+0000] {subprocess.py:63} INFO - Tmp dir root location: 
 /tmp
[2023-03-24T20:06:09.309+0000] {subprocess.py:75} INFO - Running command: ['/bin/bash', '-c', 'sleep 5']
[2023-03-24T20:06:09.318+0000] {subprocess.py:86} INFO - Output:
[2023-03-24T20:06:14.321+0000] {subprocess.py:97} INFO - Command exited with return code 0
[2023-03-24T20:06:14.351+0000] {warnings.py:110} WARNING - /home/***/.local/lib/python3.7/site-packages/***/models/baseoperator.py:1376: RemovedInAirflow3Warning: Passing 'execution_date' to 'TaskInstance.xcom_push()' is deprecated.
  context["ti"].xcom_push(key=key, value=value, execution_date=execution_date)

[2023-03-24T20:06:14.374+0000] {taskinstance.py:1326} INFO - Marking task as SUCCESS. dag_id=dataset_produces_1, task_id=producing_task_1, execution_date=20230323T000000, start_date=20230324T200609, end_date=20230324T200614
[2023-03-24T20:06:14.443+0000] {local_task_job.py:212} INFO - Task exited with return code 0
[2023-03-24T20:06:14.461+0000] {taskinstance.py:2585} INFO - 0 downstream tasks scheduled from follow-on schedule check
