[2023-03-24T20:38:17.188+0000] {taskinstance.py:1084} INFO - Dependencies all met for dep_context=non-requeueable deps ti=<TaskInstance: tutorial.print_date manual__2023-03-24T20:38:15+00:00 [queued]>
[2023-03-24T20:38:17.199+0000] {taskinstance.py:1084} INFO - Dependencies all met for dep_context=requeueable deps ti=<TaskInstance: tutorial.print_date manual__2023-03-24T20:38:15+00:00 [queued]>
[2023-03-24T20:38:17.200+0000] {taskinstance.py:1282} INFO - 
--------------------------------------------------------------------------------
[2023-03-24T20:38:17.200+0000] {taskinstance.py:1283} INFO - Starting attempt 1 of 2
[2023-03-24T20:38:17.200+0000] {taskinstance.py:1284} INFO - 
--------------------------------------------------------------------------------
[2023-03-24T20:38:17.222+0000] {taskinstance.py:1303} INFO - Executing <Task(BashOperator): print_date> on 2023-03-24 20:38:15+00:00
[2023-03-24T20:38:17.228+0000] {standard_task_runner.py:55} INFO - Started process 1968 to run task
[2023-03-24T20:38:17.230+0000] {standard_task_runner.py:82} INFO - Running: ['***', 'tasks', 'run', 'tutorial', 'print_date', 'manual__2023-03-24T20:38:15+00:00', '--job-id', '29', '--raw', '--subdir', '/home/***/.local/lib/python3.7/site-packages/***/example_dags/tutorial.py', '--cfg-path', '/tmp/tmpx2sch3e7']
[2023-03-24T20:38:17.231+0000] {standard_task_runner.py:83} INFO - Job 29: Subtask print_date
[2023-03-24T20:38:17.300+0000] {task_command.py:388} INFO - Running <TaskInstance: tutorial.print_date manual__2023-03-24T20:38:15+00:00 [running]> on host e7c16d9fd17d
[2023-03-24T20:38:17.377+0000] {taskinstance.py:1511} INFO - Exporting the following env vars:
AIRFLOW_CTX_DAG_EMAIL=***@example.com
AIRFLOW_CTX_DAG_OWNER=***
AIRFLOW_CTX_DAG_ID=tutorial
AIRFLOW_CTX_TASK_ID=print_date
AIRFLOW_CTX_EXECUTION_DATE=2023-03-24T20:38:15+00:00
AIRFLOW_CTX_TRY_NUMBER=1
AIRFLOW_CTX_DAG_RUN_ID=manual__2023-03-24T20:38:15+00:00
[2023-03-24T20:38:17.378+0000] {subprocess.py:63} INFO - Tmp dir root location: 
 /tmp
[2023-03-24T20:38:17.379+0000] {subprocess.py:75} INFO - Running command: ['/bin/bash', '-c', 'date']
[2023-03-24T20:38:17.389+0000] {subprocess.py:86} INFO - Output:
[2023-03-24T20:38:17.392+0000] {subprocess.py:93} INFO - Fri Mar 24 20:38:17 UTC 2023
[2023-03-24T20:38:17.392+0000] {subprocess.py:97} INFO - Command exited with return code 0
[2023-03-24T20:38:17.425+0000] {taskinstance.py:1326} INFO - Marking task as SUCCESS. dag_id=tutorial, task_id=print_date, execution_date=20230324T203815, start_date=20230324T203817, end_date=20230324T203817
[2023-03-24T20:38:17.483+0000] {local_task_job.py:212} INFO - Task exited with return code 0
[2023-03-24T20:38:17.511+0000] {taskinstance.py:2585} INFO - 2 downstream tasks scheduled from follow-on schedule check
