[2023-03-24T22:06:35.925+0000] {taskinstance.py:1084} INFO - Dependencies all met for dep_context=non-requeueable deps ti=<TaskInstance: process_xml.processing_uniprot_xml dataset_triggered__2023-03-24T22:06:34.276071+00:00 [queued]>
[2023-03-24T22:06:35.934+0000] {taskinstance.py:1084} INFO - Dependencies all met for dep_context=requeueable deps ti=<TaskInstance: process_xml.processing_uniprot_xml dataset_triggered__2023-03-24T22:06:34.276071+00:00 [queued]>
[2023-03-24T22:06:35.935+0000] {taskinstance.py:1282} INFO - 
--------------------------------------------------------------------------------
[2023-03-24T22:06:35.935+0000] {taskinstance.py:1283} INFO - Starting attempt 1 of 1
[2023-03-24T22:06:35.935+0000] {taskinstance.py:1284} INFO - 
--------------------------------------------------------------------------------
[2023-03-24T22:06:35.952+0000] {taskinstance.py:1303} INFO - Executing <Task(BashOperator): processing_uniprot_xml> on 2023-03-24 22:06:34.276071+00:00
[2023-03-24T22:06:35.957+0000] {standard_task_runner.py:55} INFO - Started process 1332 to run task
[2023-03-24T22:06:35.960+0000] {standard_task_runner.py:82} INFO - Running: ['***', 'tasks', 'run', 'process_xml', 'processing_uniprot_xml', 'dataset_triggered__2023-03-24T22:06:34.276071+00:00', '--job-id', '97', '--raw', '--subdir', 'DAGS_FOLDER/process_xml.py', '--cfg-path', '/tmp/tmp7iphurgo']
[2023-03-24T22:06:35.960+0000] {standard_task_runner.py:83} INFO - Job 97: Subtask processing_uniprot_xml
[2023-03-24T22:06:36.028+0000] {task_command.py:388} INFO - Running <TaskInstance: process_xml.processing_uniprot_xml dataset_triggered__2023-03-24T22:06:34.276071+00:00 [running]> on host e3353210e6de
[2023-03-24T22:06:36.103+0000] {taskinstance.py:1511} INFO - Exporting the following env vars:
AIRFLOW_CTX_DAG_OWNER=***
AIRFLOW_CTX_DAG_ID=process_xml
AIRFLOW_CTX_TASK_ID=processing_uniprot_xml
AIRFLOW_CTX_EXECUTION_DATE=2023-03-24T22:06:34.276071+00:00
AIRFLOW_CTX_TRY_NUMBER=1
AIRFLOW_CTX_DAG_RUN_ID=dataset_triggered__2023-03-24T22:06:34.276071+00:00
[2023-03-24T22:06:36.105+0000] {subprocess.py:63} INFO - Tmp dir root location: 
 /tmp
[2023-03-24T22:06:36.105+0000] {subprocess.py:75} INFO - Running command: ['/bin/bash', '-c', 'sleep 5 && cat /opt/***/data/test.txt']
[2023-03-24T22:06:36.117+0000] {subprocess.py:86} INFO - Output:
[2023-03-24T22:06:41.127+0000] {subprocess.py:93} INFO - Fri Mar 24 22:00:01 UTC 2023 running...
[2023-03-24T22:06:41.128+0000] {subprocess.py:93} INFO - Fri Mar 24 22:02:01 UTC 2023 running...
[2023-03-24T22:06:41.128+0000] {subprocess.py:93} INFO - Fri Mar 24 22:03:01 UTC 2023 running...
[2023-03-24T22:06:41.128+0000] {subprocess.py:93} INFO - Fri Mar 24 22:04:01 UTC 2023 running...
[2023-03-24T22:06:41.129+0000] {subprocess.py:93} INFO - Fri Mar 24 22:05:39 UTC 2023 running...
[2023-03-24T22:06:41.129+0000] {subprocess.py:93} INFO - Fri Mar 24 22:06:34 UTC 2023 running...
[2023-03-24T22:06:41.130+0000] {subprocess.py:97} INFO - Command exited with return code 0
[2023-03-24T22:06:41.231+0000] {taskinstance.py:1326} INFO - Marking task as SUCCESS. dag_id=process_xml, task_id=processing_uniprot_xml, execution_date=20230324T220634, start_date=20230324T220635, end_date=20230324T220641
[2023-03-24T22:06:41.297+0000] {local_task_job.py:212} INFO - Task exited with return code 0
[2023-03-24T22:06:41.353+0000] {taskinstance.py:2585} INFO - 0 downstream tasks scheduled from follow-on schedule check
