[2023-03-24T20:41:09.460+0000] {taskinstance.py:1084} INFO - Dependencies all met for dep_context=non-requeueable deps ti=<TaskInstance: tutorial.sleep manual__2023-03-24T20:41:07+00:00 [queued]>
[2023-03-24T20:41:09.468+0000] {taskinstance.py:1084} INFO - Dependencies all met for dep_context=requeueable deps ti=<TaskInstance: tutorial.sleep manual__2023-03-24T20:41:07+00:00 [queued]>
[2023-03-24T20:41:09.469+0000] {taskinstance.py:1282} INFO - 
--------------------------------------------------------------------------------
[2023-03-24T20:41:09.469+0000] {taskinstance.py:1283} INFO - Starting attempt 1 of 4
[2023-03-24T20:41:09.469+0000] {taskinstance.py:1284} INFO - 
--------------------------------------------------------------------------------
[2023-03-24T20:41:09.483+0000] {taskinstance.py:1303} INFO - Executing <Task(BashOperator): sleep> on 2023-03-24 20:41:07+00:00
[2023-03-24T20:41:09.487+0000] {standard_task_runner.py:55} INFO - Started process 2117 to run task
[2023-03-24T20:41:09.490+0000] {standard_task_runner.py:82} INFO - Running: ['***', 'tasks', 'run', 'tutorial', 'sleep', 'manual__2023-03-24T20:41:07+00:00', '--job-id', '36', '--raw', '--subdir', '/home/***/.local/lib/python3.7/site-packages/***/example_dags/tutorial.py', '--cfg-path', '/tmp/tmp5ko7ugw7']
[2023-03-24T20:41:09.491+0000] {standard_task_runner.py:83} INFO - Job 36: Subtask sleep
[2023-03-24T20:41:09.549+0000] {task_command.py:388} INFO - Running <TaskInstance: tutorial.sleep manual__2023-03-24T20:41:07+00:00 [running]> on host e7c16d9fd17d
[2023-03-24T20:41:09.621+0000] {taskinstance.py:1511} INFO - Exporting the following env vars:
AIRFLOW_CTX_DAG_EMAIL=***@example.com
AIRFLOW_CTX_DAG_OWNER=***
AIRFLOW_CTX_DAG_ID=tutorial
AIRFLOW_CTX_TASK_ID=sleep
AIRFLOW_CTX_EXECUTION_DATE=2023-03-24T20:41:07+00:00
AIRFLOW_CTX_TRY_NUMBER=1
AIRFLOW_CTX_DAG_RUN_ID=manual__2023-03-24T20:41:07+00:00
[2023-03-24T20:41:09.622+0000] {subprocess.py:63} INFO - Tmp dir root location: 
 /tmp
[2023-03-24T20:41:09.623+0000] {subprocess.py:75} INFO - Running command: ['/bin/bash', '-c', 'sleep 5']
[2023-03-24T20:41:09.632+0000] {subprocess.py:86} INFO - Output:
[2023-03-24T20:41:14.636+0000] {subprocess.py:97} INFO - Command exited with return code 0
[2023-03-24T20:41:14.747+0000] {taskinstance.py:1326} INFO - Marking task as SUCCESS. dag_id=tutorial, task_id=sleep, execution_date=20230324T204107, start_date=20230324T204109, end_date=20230324T204114
[2023-03-24T20:41:14.807+0000] {local_task_job.py:212} INFO - Task exited with return code 0
[2023-03-24T20:41:14.827+0000] {taskinstance.py:2585} INFO - 0 downstream tasks scheduled from follow-on schedule check
