[2023-03-24T20:06:38.629+0000] {taskinstance.py:1084} INFO - Dependencies all met for dep_context=non-requeueable deps ti=<TaskInstance: example_bash_operator.run_after_loop scheduled__2023-03-23T00:00:00+00:00 [queued]>
[2023-03-24T20:06:38.642+0000] {taskinstance.py:1084} INFO - Dependencies all met for dep_context=requeueable deps ti=<TaskInstance: example_bash_operator.run_after_loop scheduled__2023-03-23T00:00:00+00:00 [queued]>
[2023-03-24T20:06:38.642+0000] {taskinstance.py:1282} INFO - 
--------------------------------------------------------------------------------
[2023-03-24T20:06:38.642+0000] {taskinstance.py:1283} INFO - Starting attempt 1 of 1
[2023-03-24T20:06:38.642+0000] {taskinstance.py:1284} INFO - 
--------------------------------------------------------------------------------
[2023-03-24T20:06:38.656+0000] {taskinstance.py:1303} INFO - Executing <Task(BashOperator): run_after_loop> on 2023-03-23 00:00:00+00:00
[2023-03-24T20:06:38.660+0000] {standard_task_runner.py:55} INFO - Started process 636 to run task
[2023-03-24T20:06:38.663+0000] {standard_task_runner.py:82} INFO - Running: ['***', 'tasks', 'run', 'example_bash_operator', 'run_after_loop', 'scheduled__2023-03-23T00:00:00+00:00', '--job-id', '15', '--raw', '--subdir', '/home/***/.local/lib/python3.7/site-packages/***/example_dags/example_bash_operator.py', '--cfg-path', '/tmp/tmpfqk79y9x']
[2023-03-24T20:06:38.664+0000] {standard_task_runner.py:83} INFO - Job 15: Subtask run_after_loop
[2023-03-24T20:06:38.726+0000] {task_command.py:388} INFO - Running <TaskInstance: example_bash_operator.run_after_loop scheduled__2023-03-23T00:00:00+00:00 [running]> on host e7c16d9fd17d
[2023-03-24T20:06:38.803+0000] {taskinstance.py:1511} INFO - Exporting the following env vars:
AIRFLOW_CTX_DAG_OWNER=***
AIRFLOW_CTX_DAG_ID=example_bash_operator
AIRFLOW_CTX_TASK_ID=run_after_loop
AIRFLOW_CTX_EXECUTION_DATE=2023-03-23T00:00:00+00:00
AIRFLOW_CTX_TRY_NUMBER=1
AIRFLOW_CTX_DAG_RUN_ID=scheduled__2023-03-23T00:00:00+00:00
[2023-03-24T20:06:38.804+0000] {subprocess.py:63} INFO - Tmp dir root location: 
 /tmp
[2023-03-24T20:06:38.805+0000] {subprocess.py:75} INFO - Running command: ['/bin/bash', '-c', 'echo 1']
[2023-03-24T20:06:38.815+0000] {subprocess.py:86} INFO - Output:
[2023-03-24T20:06:38.817+0000] {subprocess.py:93} INFO - 1
[2023-03-24T20:06:38.817+0000] {subprocess.py:97} INFO - Command exited with return code 0
[2023-03-24T20:06:38.847+0000] {taskinstance.py:1326} INFO - Marking task as SUCCESS. dag_id=example_bash_operator, task_id=run_after_loop, execution_date=20230323T000000, start_date=20230324T200638, end_date=20230324T200638
[2023-03-24T20:06:38.874+0000] {local_task_job.py:212} INFO - Task exited with return code 0
[2023-03-24T20:06:38.893+0000] {taskinstance.py:2585} INFO - 0 downstream tasks scheduled from follow-on schedule check
