[2023-03-24T22:07:33.981+0000] {taskinstance.py:1084} INFO - Dependencies all met for dep_context=non-requeueable deps ti=<TaskInstance: update_xml.producing_xml_data scheduled__2023-03-24T22:06:33.147903+00:00 [queued]>
[2023-03-24T22:07:33.989+0000] {taskinstance.py:1084} INFO - Dependencies all met for dep_context=requeueable deps ti=<TaskInstance: update_xml.producing_xml_data scheduled__2023-03-24T22:06:33.147903+00:00 [queued]>
[2023-03-24T22:07:33.989+0000] {taskinstance.py:1282} INFO - 
--------------------------------------------------------------------------------
[2023-03-24T22:07:33.989+0000] {taskinstance.py:1283} INFO - Starting attempt 1 of 1
[2023-03-24T22:07:33.989+0000] {taskinstance.py:1284} INFO - 
--------------------------------------------------------------------------------
[2023-03-24T22:07:34.001+0000] {taskinstance.py:1303} INFO - Executing <Task(BashOperator): producing_xml_data> on 2023-03-24 22:06:33.147903+00:00
[2023-03-24T22:07:34.006+0000] {standard_task_runner.py:55} INFO - Started process 1376 to run task
[2023-03-24T22:07:34.009+0000] {standard_task_runner.py:82} INFO - Running: ['***', 'tasks', 'run', 'update_xml', 'producing_xml_data', 'scheduled__2023-03-24T22:06:33.147903+00:00', '--job-id', '98', '--raw', '--subdir', 'DAGS_FOLDER/process_xml.py', '--cfg-path', '/tmp/tmp_dur5w0b']
[2023-03-24T22:07:34.009+0000] {standard_task_runner.py:83} INFO - Job 98: Subtask producing_xml_data
[2023-03-24T22:07:34.070+0000] {task_command.py:388} INFO - Running <TaskInstance: update_xml.producing_xml_data scheduled__2023-03-24T22:06:33.147903+00:00 [running]> on host e3353210e6de
[2023-03-24T22:07:34.142+0000] {taskinstance.py:1511} INFO - Exporting the following env vars:
AIRFLOW_CTX_DAG_OWNER=***
AIRFLOW_CTX_DAG_ID=update_xml
AIRFLOW_CTX_TASK_ID=producing_xml_data
AIRFLOW_CTX_EXECUTION_DATE=2023-03-24T22:06:33.147903+00:00
AIRFLOW_CTX_TRY_NUMBER=1
AIRFLOW_CTX_DAG_RUN_ID=scheduled__2023-03-24T22:06:33.147903+00:00
[2023-03-24T22:07:34.143+0000] {subprocess.py:63} INFO - Tmp dir root location: 
 /tmp
[2023-03-24T22:07:34.144+0000] {subprocess.py:75} INFO - Running command: ['/bin/bash', '-c', 'echo "`date` running..." >> /opt/***/data/test.txt']
[2023-03-24T22:07:34.154+0000] {subprocess.py:86} INFO - Output:
[2023-03-24T22:07:34.157+0000] {subprocess.py:97} INFO - Command exited with return code 0
[2023-03-24T22:07:34.175+0000] {warnings.py:110} WARNING - /home/***/.local/lib/python3.7/site-packages/***/models/baseoperator.py:1376: RemovedInAirflow3Warning: Passing 'execution_date' to 'TaskInstance.xcom_push()' is deprecated.
  context["ti"].xcom_push(key=key, value=value, execution_date=execution_date)

[2023-03-24T22:07:34.198+0000] {taskinstance.py:1326} INFO - Marking task as SUCCESS. dag_id=update_xml, task_id=producing_xml_data, execution_date=20230324T220633, start_date=20230324T220733, end_date=20230324T220734
[2023-03-24T22:07:34.262+0000] {local_task_job.py:212} INFO - Task exited with return code 0
[2023-03-24T22:07:34.308+0000] {taskinstance.py:2585} INFO - 0 downstream tasks scheduled from follow-on schedule check
