[2023-03-24T20:07:36.466+0000] {taskinstance.py:1084} INFO - Dependencies all met for dep_context=non-requeueable deps ti=<TaskInstance: example_python_operator.print_the_context manual__2023-03-24T20:07:35.709045+00:00 [queued]>
[2023-03-24T20:07:36.475+0000] {taskinstance.py:1084} INFO - Dependencies all met for dep_context=requeueable deps ti=<TaskInstance: example_python_operator.print_the_context manual__2023-03-24T20:07:35.709045+00:00 [queued]>
[2023-03-24T20:07:36.475+0000] {taskinstance.py:1282} INFO - 
--------------------------------------------------------------------------------
[2023-03-24T20:07:36.476+0000] {taskinstance.py:1283} INFO - Starting attempt 1 of 1
[2023-03-24T20:07:36.476+0000] {taskinstance.py:1284} INFO - 
--------------------------------------------------------------------------------
[2023-03-24T20:07:36.491+0000] {taskinstance.py:1303} INFO - Executing <Task(_PythonDecoratedOperator): print_the_context> on 2023-03-24 20:07:35.709045+00:00
[2023-03-24T20:07:36.496+0000] {standard_task_runner.py:55} INFO - Started process 659 to run task
[2023-03-24T20:07:36.499+0000] {standard_task_runner.py:82} INFO - Running: ['***', 'tasks', 'run', 'example_python_operator', 'print_the_context', 'manual__2023-03-24T20:07:35.709045+00:00', '--job-id', '16', '--raw', '--subdir', '/home/***/.local/lib/python3.7/site-packages/***/example_dags/example_python_operator.py', '--cfg-path', '/tmp/tmpzusn9h37']
[2023-03-24T20:07:36.500+0000] {standard_task_runner.py:83} INFO - Job 16: Subtask print_the_context
[2023-03-24T20:07:36.564+0000] {task_command.py:388} INFO - Running <TaskInstance: example_python_operator.print_the_context manual__2023-03-24T20:07:35.709045+00:00 [running]> on host e7c16d9fd17d
[2023-03-24T20:07:36.633+0000] {taskinstance.py:1511} INFO - Exporting the following env vars:
AIRFLOW_CTX_DAG_OWNER=***
AIRFLOW_CTX_DAG_ID=example_python_operator
AIRFLOW_CTX_TASK_ID=print_the_context
AIRFLOW_CTX_EXECUTION_DATE=2023-03-24T20:07:35.709045+00:00
AIRFLOW_CTX_TRY_NUMBER=1
AIRFLOW_CTX_DAG_RUN_ID=manual__2023-03-24T20:07:35.709045+00:00
[2023-03-24T20:07:36.634+0000] {warnings.py:110} WARNING - /home/***/.local/lib/python3.7/site-packages/***/utils/context.py:313: AirflowContextDeprecationWarning: Accessing 'execution_date' from the template is deprecated and will be removed in a future version. Please use 'data_interval_start' or 'logical_date' instead.
  warnings.warn(_create_deprecation_warning(k, replacements))

[2023-03-24T20:07:36.635+0000] {warnings.py:110} WARNING - /home/***/.local/lib/python3.7/site-packages/***/utils/context.py:313: AirflowContextDeprecationWarning: Accessing 'next_ds' from the template is deprecated and will be removed in a future version. Please use '{{ data_interval_end | ds }}' instead.
  warnings.warn(_create_deprecation_warning(k, replacements))

[2023-03-24T20:07:36.635+0000] {warnings.py:110} WARNING - /home/***/.local/lib/python3.7/site-packages/***/utils/context.py:313: AirflowContextDeprecationWarning: Accessing 'next_ds_nodash' from the template is deprecated and will be removed in a future version. Please use '{{ data_interval_end | ds_nodash }}' instead.
  warnings.warn(_create_deprecation_warning(k, replacements))

[2023-03-24T20:07:36.635+0000] {warnings.py:110} WARNING - /home/***/.local/lib/python3.7/site-packages/***/utils/context.py:313: AirflowContextDeprecationWarning: Accessing 'next_execution_date' from the template is deprecated and will be removed in a future version. Please use 'data_interval_end' instead.
  warnings.warn(_create_deprecation_warning(k, replacements))

[2023-03-24T20:07:36.635+0000] {warnings.py:110} WARNING - /home/***/.local/lib/python3.7/site-packages/***/utils/context.py:313: AirflowContextDeprecationWarning: Accessing 'prev_ds' from the template is deprecated and will be removed in a future version.
  warnings.warn(_create_deprecation_warning(k, replacements))

[2023-03-24T20:07:36.635+0000] {warnings.py:110} WARNING - /home/***/.local/lib/python3.7/site-packages/***/utils/context.py:313: AirflowContextDeprecationWarning: Accessing 'prev_ds_nodash' from the template is deprecated and will be removed in a future version.
  warnings.warn(_create_deprecation_warning(k, replacements))

[2023-03-24T20:07:36.635+0000] {warnings.py:110} WARNING - /home/***/.local/lib/python3.7/site-packages/***/utils/context.py:313: AirflowContextDeprecationWarning: Accessing 'prev_execution_date' from the template is deprecated and will be removed in a future version.
  warnings.warn(_create_deprecation_warning(k, replacements))

[2023-03-24T20:07:36.635+0000] {warnings.py:110} WARNING - /home/***/.local/lib/python3.7/site-packages/***/utils/context.py:313: AirflowContextDeprecationWarning: Accessing 'prev_execution_date_success' from the template is deprecated and will be removed in a future version. Please use 'prev_data_interval_start_success' instead.
  warnings.warn(_create_deprecation_warning(k, replacements))

[2023-03-24T20:07:36.636+0000] {warnings.py:110} WARNING - /home/***/.local/lib/python3.7/site-packages/***/utils/context.py:313: AirflowContextDeprecationWarning: Accessing 'tomorrow_ds' from the template is deprecated and will be removed in a future version.
  warnings.warn(_create_deprecation_warning(k, replacements))

[2023-03-24T20:07:36.636+0000] {warnings.py:110} WARNING - /home/***/.local/lib/python3.7/site-packages/***/utils/context.py:313: AirflowContextDeprecationWarning: Accessing 'tomorrow_ds_nodash' from the template is deprecated and will be removed in a future version.
  warnings.warn(_create_deprecation_warning(k, replacements))

[2023-03-24T20:07:36.646+0000] {warnings.py:110} WARNING - /home/***/.local/lib/python3.7/site-packages/***/utils/context.py:313: AirflowContextDeprecationWarning: Accessing 'yesterday_ds' from the template is deprecated and will be removed in a future version.
  warnings.warn(_create_deprecation_warning(k, replacements))

[2023-03-24T20:07:36.646+0000] {warnings.py:110} WARNING - /home/***/.local/lib/python3.7/site-packages/***/utils/context.py:313: AirflowContextDeprecationWarning: Accessing 'yesterday_ds_nodash' from the template is deprecated and will be removed in a future version.
  warnings.warn(_create_deprecation_warning(k, replacements))

[2023-03-24T20:07:36.646+0000] {logging_mixin.py:137} INFO - {'conf': <***.configuration.AirflowConfigParser object at 0x7fa5118c0d50>,
 'conn': None,
 'dag': <DAG: example_python_operator>,
 'dag_run': <DagRun example_python_operator @ 2023-03-24 20:07:35.709045+00:00: manual__2023-03-24T20:07:35.709045+00:00, state:running, queued_at: 2023-03-24 20:07:35.737165+00:00. externally triggered: True>,
 'data_interval_end': DateTime(2023, 3, 24, 20, 7, 35, 709045, tzinfo=Timezone('UTC')),
 'data_interval_start': DateTime(2023, 3, 24, 20, 7, 35, 709045, tzinfo=Timezone('UTC')),
 'ds_nodash': '20230324',
 'execution_date': <Proxy at 0x7fa506a9f460 with factory functools.partial(<function lazy_mapping_from_context.<locals>._deprecated_proxy_factory at 0x7fa506aefd40>, 'execution_date', DateTime(2023, 3, 24, 20, 7, 35, 709045, tzinfo=Timezone('UTC')))>,
 'expanded_ti_count': None,
 'inlets': [],
 'logical_date': DateTime(2023, 3, 24, 20, 7, 35, 709045, tzinfo=Timezone('UTC')),
 'macros': <module '***.macros' from '/home/***/.local/lib/python3.7/site-packages/***/macros/__init__.py'>,
 'next_ds': <Proxy at 0x7fa506a9f4b0 with factory functools.partial(<function lazy_mapping_from_context.<locals>._deprecated_proxy_factory at 0x7fa506aefd40>, 'next_ds', '2023-03-24')>,
 'next_ds_nodash': <Proxy at 0x7fa506a9f500 with factory functools.partial(<function lazy_mapping_from_context.<locals>._deprecated_proxy_factory at 0x7fa506aefd40>, 'next_ds_nodash', '20230324')>,
 'next_execution_date': <Proxy at 0x7fa506a9f550 with factory functools.partial(<function lazy_mapping_from_context.<locals>._deprecated_proxy_factory at 0x7fa506aefd40>, 'next_execution_date', DateTime(2023, 3, 24, 20, 7, 35, 709045, tzinfo=Timezone('UTC')))>,
 'outlets': [],
 'params': {},
 'prev_data_interval_end_success': None,
 'prev_data_interval_start_success': None,
 'prev_ds': <Proxy at 0x7fa506a9f5a0 with factory functools.partial(<function lazy_mapping_from_context.<locals>._deprecated_proxy_factory at 0x7fa506aefd40>, 'prev_ds', '2023-03-24')>,
 'prev_ds_nodash': <Proxy at 0x7fa506a9f5f0 with factory functools.partial(<function lazy_mapping_from_context.<locals>._deprecated_proxy_factory at 0x7fa506aefd40>, 'prev_ds_nodash', '20230324')>,
 'prev_execution_date': <Proxy at 0x7fa506a9f640 with factory functools.partial(<function lazy_mapping_from_context.<locals>._deprecated_proxy_factory at 0x7fa506aefd40>, 'prev_execution_date', DateTime(2023, 3, 24, 20, 7, 35, 709045, tzinfo=Timezone('UTC')))>,
 'prev_execution_date_success': <Proxy at 0x7fa506a9f690 with factory functools.partial(<function lazy_mapping_from_context.<locals>._deprecated_proxy_factory at 0x7fa506aefd40>, 'prev_execution_date_success', None)>,
 'prev_start_date_success': None,
 'run_id': 'manual__2023-03-24T20:07:35.709045+00:00',
 'task': <Task(_PythonDecoratedOperator): print_the_context>,
 'task_instance': <TaskInstance: example_python_operator.print_the_context manual__2023-03-24T20:07:35.709045+00:00 [running]>,
 'task_instance_key_str': 'example_python_operator__print_the_context__20230324',
 'templates_dict': None,
 'test_mode': False,
 'ti': <TaskInstance: example_python_operator.print_the_context manual__2023-03-24T20:07:35.709045+00:00 [running]>,
 'tomorrow_ds': <Proxy at 0x7fa506a9f6e0 with factory functools.partial(<function lazy_mapping_from_context.<locals>._deprecated_proxy_factory at 0x7fa506aefd40>, 'tomorrow_ds', '2023-03-25')>,
 'tomorrow_ds_nodash': <Proxy at 0x7fa506a9f730 with factory functools.partial(<function lazy_mapping_from_context.<locals>._deprecated_proxy_factory at 0x7fa506aefd40>, 'tomorrow_ds_nodash', '20230325')>,
 'triggering_dataset_events': {},
 'ts': '2023-03-24T20:07:35.709045+00:00',
 'ts_nodash': '20230324T200735',
 'ts_nodash_with_tz': '20230324T200735.709045+0000',
 'var': {'json': None, 'value': None},
 'yesterday_ds': <Proxy at 0x7fa506a9f780 with factory functools.partial(<function lazy_mapping_from_context.<locals>._deprecated_proxy_factory at 0x7fa506aefd40>, 'yesterday_ds', '2023-03-23')>,
 'yesterday_ds_nodash': <Proxy at 0x7fa506a9f7d0 with factory functools.partial(<function lazy_mapping_from_context.<locals>._deprecated_proxy_factory at 0x7fa506aefd40>, 'yesterday_ds_nodash', '20230323')>}
[2023-03-24T20:07:36.646+0000] {logging_mixin.py:137} INFO - 2023-03-24
[2023-03-24T20:07:36.646+0000] {python.py:177} INFO - Done. Returned value was: Whatever you return gets printed in the logs
[2023-03-24T20:07:36.666+0000] {taskinstance.py:1326} INFO - Marking task as SUCCESS. dag_id=example_python_operator, task_id=print_the_context, execution_date=20230324T200735, start_date=20230324T200736, end_date=20230324T200736
[2023-03-24T20:07:36.710+0000] {local_task_job.py:212} INFO - Task exited with return code 0
[2023-03-24T20:07:36.763+0000] {taskinstance.py:2585} INFO - 2 downstream tasks scheduled from follow-on schedule check
