[2023-03-24T20:44:00.768+0000] {taskinstance.py:1084} INFO - Dependencies all met for dep_context=non-requeueable deps ti=<TaskInstance: example_subdag_operator.section-1 scheduled__2022-01-01T00:00:00+00:00 [queued]>
[2023-03-24T20:44:00.776+0000] {taskinstance.py:1084} INFO - Dependencies all met for dep_context=requeueable deps ti=<TaskInstance: example_subdag_operator.section-1 scheduled__2022-01-01T00:00:00+00:00 [queued]>
[2023-03-24T20:44:00.776+0000] {taskinstance.py:1282} INFO - 
--------------------------------------------------------------------------------
[2023-03-24T20:44:00.776+0000] {taskinstance.py:1283} INFO - Starting attempt 1 of 3
[2023-03-24T20:44:00.776+0000] {taskinstance.py:1284} INFO - 
--------------------------------------------------------------------------------
[2023-03-24T20:44:00.790+0000] {taskinstance.py:1303} INFO - Executing <Task(SubDagOperator): section-1> on 2022-01-01 00:00:00+00:00
[2023-03-24T20:44:00.794+0000] {standard_task_runner.py:55} INFO - Started process 2246 to run task
[2023-03-24T20:44:00.796+0000] {standard_task_runner.py:82} INFO - Running: ['***', 'tasks', 'run', 'example_subdag_operator', 'section-1', 'scheduled__2022-01-01T00:00:00+00:00', '--job-id', '41', '--raw', '--subdir', '/home/***/.local/lib/python3.7/site-packages/***/example_dags/example_subdag_operator.py', '--cfg-path', '/tmp/tmpl1ir1ii1']
[2023-03-24T20:44:00.797+0000] {standard_task_runner.py:83} INFO - Job 41: Subtask section-1
[2023-03-24T20:44:00.852+0000] {task_command.py:388} INFO - Running <TaskInstance: example_subdag_operator.section-1 scheduled__2022-01-01T00:00:00+00:00 [running]> on host e7c16d9fd17d
[2023-03-24T20:44:00.927+0000] {taskinstance.py:1511} INFO - Exporting the following env vars:
AIRFLOW_CTX_DAG_OWNER=***
AIRFLOW_CTX_DAG_ID=example_subdag_operator
AIRFLOW_CTX_TASK_ID=section-1
AIRFLOW_CTX_EXECUTION_DATE=2022-01-01T00:00:00+00:00
AIRFLOW_CTX_TRY_NUMBER=1
AIRFLOW_CTX_DAG_RUN_ID=scheduled__2022-01-01T00:00:00+00:00
[2023-03-24T20:44:00.928+0000] {warnings.py:110} WARNING - /home/***/.local/lib/python3.7/site-packages/***/utils/context.py:205: AirflowContextDeprecationWarning: Accessing 'execution_date' from the template is deprecated and will be removed in a future version. Please use 'data_interval_start' or 'logical_date' instead.
  warnings.warn(_create_deprecation_warning(key, self._deprecation_replacements[key]))

[2023-03-24T20:44:00.960+0000] {subdag.py:171} INFO - Created DagRun: scheduled__2022-01-01T00:00:00+00:00
[2023-03-24T20:45:01.057+0000] {base.py:228} INFO - Success criteria met. Exiting.
[2023-03-24T20:45:01.083+0000] {subdag.py:186} INFO - Execution finished. State is success
[2023-03-24T20:45:01.111+0000] {taskinstance.py:1326} INFO - Marking task as SUCCESS. dag_id=example_subdag_operator, task_id=section-1, execution_date=20220101T000000, start_date=20230324T204400, end_date=20230324T204501
[2023-03-24T20:45:01.165+0000] {local_task_job.py:212} INFO - Task exited with return code 0
[2023-03-24T20:45:01.248+0000] {taskinstance.py:2585} INFO - 1 downstream tasks scheduled from follow-on schedule check
