[2023-03-24T20:10:22.917+0000] {taskinstance.py:1084} INFO - Dependencies all met for dep_context=non-requeueable deps ti=<TaskInstance: tutorial.print_date scheduled__2023-03-23T20:10:12.794401+00:00 [queued]>
[2023-03-24T20:10:22.930+0000] {taskinstance.py:1084} INFO - Dependencies all met for dep_context=requeueable deps ti=<TaskInstance: tutorial.print_date scheduled__2023-03-23T20:10:12.794401+00:00 [queued]>
[2023-03-24T20:10:22.930+0000] {taskinstance.py:1282} INFO - 
--------------------------------------------------------------------------------
[2023-03-24T20:10:22.930+0000] {taskinstance.py:1283} INFO - Starting attempt 1 of 2
[2023-03-24T20:10:22.930+0000] {taskinstance.py:1284} INFO - 
--------------------------------------------------------------------------------
[2023-03-24T20:10:22.945+0000] {taskinstance.py:1303} INFO - Executing <Task(BashOperator): print_date> on 2023-03-23 20:10:12.794401+00:00
[2023-03-24T20:10:22.949+0000] {standard_task_runner.py:55} INFO - Started process 860 to run task
[2023-03-24T20:10:22.951+0000] {standard_task_runner.py:82} INFO - Running: ['***', 'tasks', 'run', 'tutorial', 'print_date', 'scheduled__2023-03-23T20:10:12.794401+00:00', '--job-id', '23', '--raw', '--subdir', '/home/***/.local/lib/python3.7/site-packages/***/example_dags/tutorial.py', '--cfg-path', '/tmp/tmpsywwdndk']
[2023-03-24T20:10:22.952+0000] {standard_task_runner.py:83} INFO - Job 23: Subtask print_date
[2023-03-24T20:10:23.017+0000] {task_command.py:388} INFO - Running <TaskInstance: tutorial.print_date scheduled__2023-03-23T20:10:12.794401+00:00 [running]> on host e7c16d9fd17d
[2023-03-24T20:10:23.099+0000] {taskinstance.py:1511} INFO - Exporting the following env vars:
AIRFLOW_CTX_DAG_EMAIL=***@example.com
AIRFLOW_CTX_DAG_OWNER=***
AIRFLOW_CTX_DAG_ID=tutorial
AIRFLOW_CTX_TASK_ID=print_date
AIRFLOW_CTX_EXECUTION_DATE=2023-03-23T20:10:12.794401+00:00
AIRFLOW_CTX_TRY_NUMBER=1
AIRFLOW_CTX_DAG_RUN_ID=scheduled__2023-03-23T20:10:12.794401+00:00
[2023-03-24T20:10:23.100+0000] {subprocess.py:63} INFO - Tmp dir root location: 
 /tmp
[2023-03-24T20:10:23.101+0000] {subprocess.py:75} INFO - Running command: ['/bin/bash', '-c', 'date']
[2023-03-24T20:10:23.110+0000] {subprocess.py:86} INFO - Output:
[2023-03-24T20:10:23.113+0000] {subprocess.py:93} INFO - Fri Mar 24 20:10:23 UTC 2023
[2023-03-24T20:10:23.114+0000] {subprocess.py:97} INFO - Command exited with return code 0
[2023-03-24T20:10:23.148+0000] {taskinstance.py:1326} INFO - Marking task as SUCCESS. dag_id=tutorial, task_id=print_date, execution_date=20230323T201012, start_date=20230324T201022, end_date=20230324T201023
[2023-03-24T20:10:23.203+0000] {local_task_job.py:212} INFO - Task exited with return code 0
[2023-03-24T20:10:23.228+0000] {taskinstance.py:2585} INFO - 2 downstream tasks scheduled from follow-on schedule check
