[2023-03-24T20:44:07.825+0000] {taskinstance.py:1084} INFO - Dependencies all met for dep_context=non-requeueable deps ti=<TaskInstance: example_branch_python_operator_decorator.branching scheduled__2023-03-23T00:00:00+00:00 [queued]>
[2023-03-24T20:44:07.834+0000] {taskinstance.py:1084} INFO - Dependencies all met for dep_context=requeueable deps ti=<TaskInstance: example_branch_python_operator_decorator.branching scheduled__2023-03-23T00:00:00+00:00 [queued]>
[2023-03-24T20:44:07.834+0000] {taskinstance.py:1282} INFO - 
--------------------------------------------------------------------------------
[2023-03-24T20:44:07.834+0000] {taskinstance.py:1283} INFO - Starting attempt 1 of 1
[2023-03-24T20:44:07.835+0000] {taskinstance.py:1284} INFO - 
--------------------------------------------------------------------------------
[2023-03-24T20:44:07.850+0000] {taskinstance.py:1303} INFO - Executing <Task(_BranchPythonDecoratedOperator): branching> on 2023-03-23 00:00:00+00:00
[2023-03-24T20:44:07.855+0000] {standard_task_runner.py:55} INFO - Started process 2248 to run task
[2023-03-24T20:44:07.857+0000] {standard_task_runner.py:82} INFO - Running: ['***', 'tasks', 'run', 'example_branch_python_operator_decorator', 'branching', 'scheduled__2023-03-23T00:00:00+00:00', '--job-id', '42', '--raw', '--subdir', '/home/***/.local/lib/python3.7/site-packages/***/example_dags/example_branch_operator_decorator.py', '--cfg-path', '/tmp/tmp_yibp9k3']
[2023-03-24T20:44:07.858+0000] {standard_task_runner.py:83} INFO - Job 42: Subtask branching
[2023-03-24T20:44:07.920+0000] {task_command.py:388} INFO - Running <TaskInstance: example_branch_python_operator_decorator.branching scheduled__2023-03-23T00:00:00+00:00 [running]> on host e7c16d9fd17d
[2023-03-24T20:44:07.993+0000] {taskinstance.py:1511} INFO - Exporting the following env vars:
AIRFLOW_CTX_DAG_OWNER=***
AIRFLOW_CTX_DAG_ID=example_branch_python_operator_decorator
AIRFLOW_CTX_TASK_ID=branching
AIRFLOW_CTX_EXECUTION_DATE=2023-03-23T00:00:00+00:00
AIRFLOW_CTX_TRY_NUMBER=1
AIRFLOW_CTX_DAG_RUN_ID=scheduled__2023-03-23T00:00:00+00:00
[2023-03-24T20:44:07.993+0000] {python.py:177} INFO - Done. Returned value was: branch_d
[2023-03-24T20:44:07.994+0000] {python.py:211} INFO - Branch callable return branch_d
[2023-03-24T20:44:07.994+0000] {skipmixin.py:155} INFO - Following branch branch_d
[2023-03-24T20:44:07.994+0000] {skipmixin.py:211} INFO - Skipping tasks ['branch_a', 'branch_b', 'branch_c']
[2023-03-24T20:44:08.042+0000] {taskinstance.py:1326} INFO - Marking task as SUCCESS. dag_id=example_branch_python_operator_decorator, task_id=branching, execution_date=20230323T000000, start_date=20230324T204407, end_date=20230324T204408
[2023-03-24T20:44:08.069+0000] {local_task_job.py:212} INFO - Task exited with return code 0
[2023-03-24T20:44:08.108+0000] {taskinstance.py:2585} INFO - 1 downstream tasks scheduled from follow-on schedule check
