[2023-03-24T19:54:54.085+0000] {taskinstance.py:1084} INFO - Dependencies all met for dep_context=non-requeueable deps ti=<TaskInstance: dataset_consumes_1.consuming_1 manual__2023-03-24T19:54:52.578201+00:00 [queued]>
[2023-03-24T19:54:54.097+0000] {taskinstance.py:1084} INFO - Dependencies all met for dep_context=requeueable deps ti=<TaskInstance: dataset_consumes_1.consuming_1 manual__2023-03-24T19:54:52.578201+00:00 [queued]>
[2023-03-24T19:54:54.097+0000] {taskinstance.py:1282} INFO - 
--------------------------------------------------------------------------------
[2023-03-24T19:54:54.097+0000] {taskinstance.py:1283} INFO - Starting attempt 1 of 1
[2023-03-24T19:54:54.097+0000] {taskinstance.py:1284} INFO - 
--------------------------------------------------------------------------------
[2023-03-24T19:54:54.114+0000] {taskinstance.py:1303} INFO - Executing <Task(BashOperator): consuming_1> on 2023-03-24 19:54:52.578201+00:00
[2023-03-24T19:54:54.119+0000] {standard_task_runner.py:55} INFO - Started process 161 to run task
[2023-03-24T19:54:54.122+0000] {standard_task_runner.py:82} INFO - Running: ['***', 'tasks', 'run', 'dataset_consumes_1', 'consuming_1', 'manual__2023-03-24T19:54:52.578201+00:00', '--job-id', '3', '--raw', '--subdir', '/home/***/.local/lib/python3.7/site-packages/***/example_dags/example_datasets.py', '--cfg-path', '/tmp/tmp6ql1qw8j']
[2023-03-24T19:54:54.123+0000] {standard_task_runner.py:83} INFO - Job 3: Subtask consuming_1
[2023-03-24T19:54:54.186+0000] {task_command.py:388} INFO - Running <TaskInstance: dataset_consumes_1.consuming_1 manual__2023-03-24T19:54:52.578201+00:00 [running]> on host e7c16d9fd17d
[2023-03-24T19:54:54.271+0000] {taskinstance.py:1511} INFO - Exporting the following env vars:
AIRFLOW_CTX_DAG_OWNER=***
AIRFLOW_CTX_DAG_ID=dataset_consumes_1
AIRFLOW_CTX_TASK_ID=consuming_1
AIRFLOW_CTX_EXECUTION_DATE=2023-03-24T19:54:52.578201+00:00
AIRFLOW_CTX_TRY_NUMBER=1
AIRFLOW_CTX_DAG_RUN_ID=manual__2023-03-24T19:54:52.578201+00:00
[2023-03-24T19:54:54.273+0000] {subprocess.py:63} INFO - Tmp dir root location: 
 /tmp
[2023-03-24T19:54:54.274+0000] {subprocess.py:75} INFO - Running command: ['/bin/bash', '-c', 'sleep 5']
[2023-03-24T19:54:54.283+0000] {subprocess.py:86} INFO - Output:
[2023-03-24T19:54:59.288+0000] {subprocess.py:97} INFO - Command exited with return code 0
[2023-03-24T19:54:59.362+0000] {warnings.py:110} WARNING - /home/***/.local/lib/python3.7/site-packages/***/models/baseoperator.py:1376: RemovedInAirflow3Warning: Passing 'execution_date' to 'TaskInstance.xcom_push()' is deprecated.
  context["ti"].xcom_push(key=key, value=value, execution_date=execution_date)

[2023-03-24T19:54:59.440+0000] {taskinstance.py:1326} INFO - Marking task as SUCCESS. dag_id=dataset_consumes_1, task_id=consuming_1, execution_date=20230324T195452, start_date=20230324T195454, end_date=20230324T195459
[2023-03-24T19:54:59.505+0000] {local_task_job.py:212} INFO - Task exited with return code 0
[2023-03-24T19:54:59.527+0000] {taskinstance.py:2585} INFO - 0 downstream tasks scheduled from follow-on schedule check
