[2023-03-24T20:06:36.005+0000] {taskinstance.py:1084} INFO - Dependencies all met for dep_context=non-requeueable deps ti=<TaskInstance: example_bash_operator.runme_0 scheduled__2023-03-23T00:00:00+00:00 [queued]>
[2023-03-24T20:06:36.017+0000] {taskinstance.py:1084} INFO - Dependencies all met for dep_context=requeueable deps ti=<TaskInstance: example_bash_operator.runme_0 scheduled__2023-03-23T00:00:00+00:00 [queued]>
[2023-03-24T20:06:36.018+0000] {taskinstance.py:1282} INFO - 
--------------------------------------------------------------------------------
[2023-03-24T20:06:36.018+0000] {taskinstance.py:1283} INFO - Starting attempt 1 of 1
[2023-03-24T20:06:36.018+0000] {taskinstance.py:1284} INFO - 
--------------------------------------------------------------------------------
[2023-03-24T20:06:36.044+0000] {taskinstance.py:1303} INFO - Executing <Task(BashOperator): runme_0> on 2023-03-23 00:00:00+00:00
[2023-03-24T20:06:36.054+0000] {standard_task_runner.py:55} INFO - Started process 615 to run task
[2023-03-24T20:06:36.057+0000] {standard_task_runner.py:82} INFO - Running: ['***', 'tasks', 'run', 'example_bash_operator', 'runme_0', 'scheduled__2023-03-23T00:00:00+00:00', '--job-id', '11', '--raw', '--subdir', '/home/***/.local/lib/python3.7/site-packages/***/example_dags/example_bash_operator.py', '--cfg-path', '/tmp/tmpyzxdpfw2']
[2023-03-24T20:06:36.058+0000] {standard_task_runner.py:83} INFO - Job 11: Subtask runme_0
[2023-03-24T20:06:36.146+0000] {task_command.py:388} INFO - Running <TaskInstance: example_bash_operator.runme_0 scheduled__2023-03-23T00:00:00+00:00 [running]> on host e7c16d9fd17d
[2023-03-24T20:06:36.251+0000] {taskinstance.py:1511} INFO - Exporting the following env vars:
AIRFLOW_CTX_DAG_OWNER=***
AIRFLOW_CTX_DAG_ID=example_bash_operator
AIRFLOW_CTX_TASK_ID=runme_0
AIRFLOW_CTX_EXECUTION_DATE=2023-03-23T00:00:00+00:00
AIRFLOW_CTX_TRY_NUMBER=1
AIRFLOW_CTX_DAG_RUN_ID=scheduled__2023-03-23T00:00:00+00:00
[2023-03-24T20:06:36.253+0000] {subprocess.py:63} INFO - Tmp dir root location: 
 /tmp
[2023-03-24T20:06:36.253+0000] {subprocess.py:75} INFO - Running command: ['/bin/bash', '-c', 'echo "example_bash_operator__runme_0__20230323" && sleep 1']
[2023-03-24T20:06:36.264+0000] {subprocess.py:86} INFO - Output:
[2023-03-24T20:06:36.265+0000] {subprocess.py:93} INFO - example_bash_operator__runme_0__20230323
[2023-03-24T20:06:37.267+0000] {subprocess.py:97} INFO - Command exited with return code 0
[2023-03-24T20:06:37.311+0000] {taskinstance.py:1326} INFO - Marking task as SUCCESS. dag_id=example_bash_operator, task_id=runme_0, execution_date=20230323T000000, start_date=20230324T200636, end_date=20230324T200637
[2023-03-24T20:06:37.355+0000] {local_task_job.py:212} INFO - Task exited with return code 0
[2023-03-24T20:06:37.436+0000] {taskinstance.py:2585} INFO - 0 downstream tasks scheduled from follow-on schedule check
