[2023-03-24T22:00:00.915+0000] {taskinstance.py:1084} INFO - Dependencies all met for dep_context=non-requeueable deps ti=<TaskInstance: create_xml.producing_xml_data scheduled__2023-03-24T21:59:00+00:00 [queued]>
[2023-03-24T22:00:00.924+0000] {taskinstance.py:1084} INFO - Dependencies all met for dep_context=requeueable deps ti=<TaskInstance: create_xml.producing_xml_data scheduled__2023-03-24T21:59:00+00:00 [queued]>
[2023-03-24T22:00:00.924+0000] {taskinstance.py:1282} INFO - 
--------------------------------------------------------------------------------
[2023-03-24T22:00:00.924+0000] {taskinstance.py:1283} INFO - Starting attempt 1 of 1
[2023-03-24T22:00:00.924+0000] {taskinstance.py:1284} INFO - 
--------------------------------------------------------------------------------
[2023-03-24T22:00:00.939+0000] {taskinstance.py:1303} INFO - Executing <Task(BashOperator): producing_xml_data> on 2023-03-24 21:59:00+00:00
[2023-03-24T22:00:00.944+0000] {standard_task_runner.py:55} INFO - Started process 713 to run task
[2023-03-24T22:00:00.948+0000] {standard_task_runner.py:82} INFO - Running: ['***', 'tasks', 'run', 'create_xml', 'producing_xml_data', 'scheduled__2023-03-24T21:59:00+00:00', '--job-id', '3', '--raw', '--subdir', 'DAGS_FOLDER/process_xml.py', '--cfg-path', '/tmp/tmpwmy__z81']
[2023-03-24T22:00:00.948+0000] {standard_task_runner.py:83} INFO - Job 3: Subtask producing_xml_data
[2023-03-24T22:00:01.007+0000] {task_command.py:388} INFO - Running <TaskInstance: create_xml.producing_xml_data scheduled__2023-03-24T21:59:00+00:00 [running]> on host e3353210e6de
[2023-03-24T22:00:01.083+0000] {taskinstance.py:1511} INFO - Exporting the following env vars:
AIRFLOW_CTX_DAG_OWNER=***
AIRFLOW_CTX_DAG_ID=create_xml
AIRFLOW_CTX_TASK_ID=producing_xml_data
AIRFLOW_CTX_EXECUTION_DATE=2023-03-24T21:59:00+00:00
AIRFLOW_CTX_TRY_NUMBER=1
AIRFLOW_CTX_DAG_RUN_ID=scheduled__2023-03-24T21:59:00+00:00
[2023-03-24T22:00:01.085+0000] {subprocess.py:63} INFO - Tmp dir root location: 
 /tmp
[2023-03-24T22:00:01.086+0000] {subprocess.py:75} INFO - Running command: ['/bin/bash', '-c', 'echo "`date` running..." >> /opt/***/data/test.txt']
[2023-03-24T22:00:01.098+0000] {subprocess.py:86} INFO - Output:
[2023-03-24T22:00:01.102+0000] {subprocess.py:97} INFO - Command exited with return code 0
[2023-03-24T22:00:01.122+0000] {warnings.py:110} WARNING - /home/***/.local/lib/python3.7/site-packages/***/models/baseoperator.py:1376: RemovedInAirflow3Warning: Passing 'execution_date' to 'TaskInstance.xcom_push()' is deprecated.
  context["ti"].xcom_push(key=key, value=value, execution_date=execution_date)

[2023-03-24T22:00:01.150+0000] {taskinstance.py:1326} INFO - Marking task as SUCCESS. dag_id=create_xml, task_id=producing_xml_data, execution_date=20230324T215900, start_date=20230324T220000, end_date=20230324T220001
[2023-03-24T22:00:01.200+0000] {local_task_job.py:212} INFO - Task exited with return code 0
[2023-03-24T22:00:01.231+0000] {taskinstance.py:2585} INFO - 0 downstream tasks scheduled from follow-on schedule check
