[2023-03-24T20:10:22.935+0000] {taskinstance.py:1084} INFO - Dependencies all met for dep_context=non-requeueable deps ti=<TaskInstance: tutorial.print_date manual__2023-03-24T20:10:21.570428+00:00 [queued]>
[2023-03-24T20:10:22.945+0000] {taskinstance.py:1084} INFO - Dependencies all met for dep_context=requeueable deps ti=<TaskInstance: tutorial.print_date manual__2023-03-24T20:10:21.570428+00:00 [queued]>
[2023-03-24T20:10:22.945+0000] {taskinstance.py:1282} INFO - 
--------------------------------------------------------------------------------
[2023-03-24T20:10:22.945+0000] {taskinstance.py:1283} INFO - Starting attempt 1 of 2
[2023-03-24T20:10:22.945+0000] {taskinstance.py:1284} INFO - 
--------------------------------------------------------------------------------
[2023-03-24T20:10:22.960+0000] {taskinstance.py:1303} INFO - Executing <Task(BashOperator): print_date> on 2023-03-24 20:10:21.570428+00:00
[2023-03-24T20:10:22.965+0000] {standard_task_runner.py:55} INFO - Started process 861 to run task
[2023-03-24T20:10:22.967+0000] {standard_task_runner.py:82} INFO - Running: ['***', 'tasks', 'run', 'tutorial', 'print_date', 'manual__2023-03-24T20:10:21.570428+00:00', '--job-id', '24', '--raw', '--subdir', '/home/***/.local/lib/python3.7/site-packages/***/example_dags/tutorial.py', '--cfg-path', '/tmp/tmp5s0g6vcw']
[2023-03-24T20:10:22.968+0000] {standard_task_runner.py:83} INFO - Job 24: Subtask print_date
[2023-03-24T20:10:23.036+0000] {task_command.py:388} INFO - Running <TaskInstance: tutorial.print_date manual__2023-03-24T20:10:21.570428+00:00 [running]> on host e7c16d9fd17d
[2023-03-24T20:10:23.129+0000] {taskinstance.py:1511} INFO - Exporting the following env vars:
AIRFLOW_CTX_DAG_EMAIL=***@example.com
AIRFLOW_CTX_DAG_OWNER=***
AIRFLOW_CTX_DAG_ID=tutorial
AIRFLOW_CTX_TASK_ID=print_date
AIRFLOW_CTX_EXECUTION_DATE=2023-03-24T20:10:21.570428+00:00
AIRFLOW_CTX_TRY_NUMBER=1
AIRFLOW_CTX_DAG_RUN_ID=manual__2023-03-24T20:10:21.570428+00:00
[2023-03-24T20:10:23.130+0000] {subprocess.py:63} INFO - Tmp dir root location: 
 /tmp
[2023-03-24T20:10:23.131+0000] {subprocess.py:75} INFO - Running command: ['/bin/bash', '-c', 'date']
[2023-03-24T20:10:23.141+0000] {subprocess.py:86} INFO - Output:
[2023-03-24T20:10:23.143+0000] {subprocess.py:93} INFO - Fri Mar 24 20:10:23 UTC 2023
[2023-03-24T20:10:23.144+0000] {subprocess.py:97} INFO - Command exited with return code 0
[2023-03-24T20:10:23.177+0000] {taskinstance.py:1326} INFO - Marking task as SUCCESS. dag_id=tutorial, task_id=print_date, execution_date=20230324T201021, start_date=20230324T201022, end_date=20230324T201023
[2023-03-24T20:10:23.220+0000] {local_task_job.py:212} INFO - Task exited with return code 0
[2023-03-24T20:10:23.245+0000] {taskinstance.py:2585} INFO - 2 downstream tasks scheduled from follow-on schedule check
