[2023-03-24T20:06:36.097+0000] {taskinstance.py:1084} INFO - Dependencies all met for dep_context=non-requeueable deps ti=<TaskInstance: example_bash_operator.this_will_skip scheduled__2023-03-23T00:00:00+00:00 [queued]>
[2023-03-24T20:06:36.112+0000] {taskinstance.py:1084} INFO - Dependencies all met for dep_context=requeueable deps ti=<TaskInstance: example_bash_operator.this_will_skip scheduled__2023-03-23T00:00:00+00:00 [queued]>
[2023-03-24T20:06:36.112+0000] {taskinstance.py:1282} INFO - 
--------------------------------------------------------------------------------
[2023-03-24T20:06:36.112+0000] {taskinstance.py:1283} INFO - Starting attempt 1 of 1
[2023-03-24T20:06:36.113+0000] {taskinstance.py:1284} INFO - 
--------------------------------------------------------------------------------
[2023-03-24T20:06:36.137+0000] {taskinstance.py:1303} INFO - Executing <Task(BashOperator): this_will_skip> on 2023-03-23 00:00:00+00:00
[2023-03-24T20:06:36.142+0000] {standard_task_runner.py:55} INFO - Started process 616 to run task
[2023-03-24T20:06:36.146+0000] {standard_task_runner.py:82} INFO - Running: ['***', 'tasks', 'run', 'example_bash_operator', 'this_will_skip', 'scheduled__2023-03-23T00:00:00+00:00', '--job-id', '13', '--raw', '--subdir', '/home/***/.local/lib/python3.7/site-packages/***/example_dags/example_bash_operator.py', '--cfg-path', '/tmp/tmpwnbk5iuz']
[2023-03-24T20:06:36.146+0000] {standard_task_runner.py:83} INFO - Job 13: Subtask this_will_skip
[2023-03-24T20:06:36.223+0000] {task_command.py:388} INFO - Running <TaskInstance: example_bash_operator.this_will_skip scheduled__2023-03-23T00:00:00+00:00 [running]> on host e7c16d9fd17d
[2023-03-24T20:06:36.316+0000] {taskinstance.py:1511} INFO - Exporting the following env vars:
AIRFLOW_CTX_DAG_OWNER=***
AIRFLOW_CTX_DAG_ID=example_bash_operator
AIRFLOW_CTX_TASK_ID=this_will_skip
AIRFLOW_CTX_EXECUTION_DATE=2023-03-23T00:00:00+00:00
AIRFLOW_CTX_TRY_NUMBER=1
AIRFLOW_CTX_DAG_RUN_ID=scheduled__2023-03-23T00:00:00+00:00
[2023-03-24T20:06:36.317+0000] {subprocess.py:63} INFO - Tmp dir root location: 
 /tmp
[2023-03-24T20:06:36.318+0000] {subprocess.py:75} INFO - Running command: ['/bin/bash', '-c', 'echo "hello world"; exit 99;']
[2023-03-24T20:06:36.328+0000] {subprocess.py:86} INFO - Output:
[2023-03-24T20:06:36.330+0000] {subprocess.py:93} INFO - hello world
[2023-03-24T20:06:36.330+0000] {subprocess.py:97} INFO - Command exited with return code 99
[2023-03-24T20:06:36.330+0000] {taskinstance.py:1401} INFO - Bash command returned exit code 99. Skipping.
[2023-03-24T20:06:36.345+0000] {taskinstance.py:1326} INFO - Marking task as SKIPPED. dag_id=example_bash_operator, task_id=this_will_skip, execution_date=20230323T000000, start_date=20230324T200636, end_date=20230324T200636
[2023-03-24T20:06:36.397+0000] {local_task_job.py:212} INFO - Task exited with return code 0
[2023-03-24T20:06:36.426+0000] {taskinstance.py:2585} INFO - 0 downstream tasks scheduled from follow-on schedule check
