[2023-03-24T20:38:18.427+0000] {taskinstance.py:1084} INFO - Dependencies all met for dep_context=non-requeueable deps ti=<TaskInstance: tutorial.templated manual__2023-03-24T20:38:15+00:00 [queued]>
[2023-03-24T20:38:18.436+0000] {taskinstance.py:1084} INFO - Dependencies all met for dep_context=requeueable deps ti=<TaskInstance: tutorial.templated manual__2023-03-24T20:38:15+00:00 [queued]>
[2023-03-24T20:38:18.436+0000] {taskinstance.py:1282} INFO - 
--------------------------------------------------------------------------------
[2023-03-24T20:38:18.437+0000] {taskinstance.py:1283} INFO - Starting attempt 1 of 2
[2023-03-24T20:38:18.437+0000] {taskinstance.py:1284} INFO - 
--------------------------------------------------------------------------------
[2023-03-24T20:38:18.450+0000] {taskinstance.py:1303} INFO - Executing <Task(BashOperator): templated> on 2023-03-24 20:38:15+00:00
[2023-03-24T20:38:18.455+0000] {standard_task_runner.py:55} INFO - Started process 1974 to run task
[2023-03-24T20:38:18.458+0000] {standard_task_runner.py:82} INFO - Running: ['***', 'tasks', 'run', 'tutorial', 'templated', 'manual__2023-03-24T20:38:15+00:00', '--job-id', '30', '--raw', '--subdir', '/home/***/.local/lib/python3.7/site-packages/***/example_dags/tutorial.py', '--cfg-path', '/tmp/tmphkd5q4pz']
[2023-03-24T20:38:18.458+0000] {standard_task_runner.py:83} INFO - Job 30: Subtask templated
[2023-03-24T20:38:18.524+0000] {task_command.py:388} INFO - Running <TaskInstance: tutorial.templated manual__2023-03-24T20:38:15+00:00 [running]> on host e7c16d9fd17d
[2023-03-24T20:38:18.609+0000] {taskinstance.py:1511} INFO - Exporting the following env vars:
AIRFLOW_CTX_DAG_EMAIL=***@example.com
AIRFLOW_CTX_DAG_OWNER=***
AIRFLOW_CTX_DAG_ID=tutorial
AIRFLOW_CTX_TASK_ID=templated
AIRFLOW_CTX_EXECUTION_DATE=2023-03-24T20:38:15+00:00
AIRFLOW_CTX_TRY_NUMBER=1
AIRFLOW_CTX_DAG_RUN_ID=manual__2023-03-24T20:38:15+00:00
[2023-03-24T20:38:18.610+0000] {subprocess.py:63} INFO - Tmp dir root location: 
 /tmp
[2023-03-24T20:38:18.610+0000] {subprocess.py:75} INFO - Running command: ['/bin/bash', '-c', '\n\n    echo "2023-03-24"\n    echo "2023-03-31"\n\n    echo "2023-03-24"\n    echo "2023-03-31"\n\n    echo "2023-03-24"\n    echo "2023-03-31"\n\n    echo "2023-03-24"\n    echo "2023-03-31"\n\n    echo "2023-03-24"\n    echo "2023-03-31"\n']
[2023-03-24T20:38:18.620+0000] {subprocess.py:86} INFO - Output:
[2023-03-24T20:38:18.621+0000] {subprocess.py:93} INFO - 2023-03-24
[2023-03-24T20:38:18.621+0000] {subprocess.py:93} INFO - 2023-03-31
[2023-03-24T20:38:18.621+0000] {subprocess.py:93} INFO - 2023-03-24
[2023-03-24T20:38:18.622+0000] {subprocess.py:93} INFO - 2023-03-31
[2023-03-24T20:38:18.622+0000] {subprocess.py:93} INFO - 2023-03-24
[2023-03-24T20:38:18.622+0000] {subprocess.py:93} INFO - 2023-03-31
[2023-03-24T20:38:18.622+0000] {subprocess.py:93} INFO - 2023-03-24
[2023-03-24T20:38:18.622+0000] {subprocess.py:93} INFO - 2023-03-31
[2023-03-24T20:38:18.622+0000] {subprocess.py:93} INFO - 2023-03-24
[2023-03-24T20:38:18.622+0000] {subprocess.py:93} INFO - 2023-03-31
[2023-03-24T20:38:18.622+0000] {subprocess.py:97} INFO - Command exited with return code 0
[2023-03-24T20:38:18.651+0000] {taskinstance.py:1326} INFO - Marking task as SUCCESS. dag_id=tutorial, task_id=templated, execution_date=20230324T203815, start_date=20230324T203818, end_date=20230324T203818
[2023-03-24T20:38:18.669+0000] {local_task_job.py:212} INFO - Task exited with return code 0
[2023-03-24T20:38:18.687+0000] {taskinstance.py:2585} INFO - 0 downstream tasks scheduled from follow-on schedule check
