[2023-03-24T20:44:21.081+0000] {taskinstance.py:1084} INFO - Dependencies all met for dep_context=non-requeueable deps ti=<TaskInstance: example_subdag_operator.section-1 manual__2023-03-24T20:44:19.484271+00:00 [queued]>
[2023-03-24T20:44:21.094+0000] {taskinstance.py:1084} INFO - Dependencies all met for dep_context=requeueable deps ti=<TaskInstance: example_subdag_operator.section-1 manual__2023-03-24T20:44:19.484271+00:00 [queued]>
[2023-03-24T20:44:21.095+0000] {taskinstance.py:1282} INFO - 
--------------------------------------------------------------------------------
[2023-03-24T20:44:21.095+0000] {taskinstance.py:1283} INFO - Starting attempt 1 of 3
[2023-03-24T20:44:21.095+0000] {taskinstance.py:1284} INFO - 
--------------------------------------------------------------------------------
[2023-03-24T20:44:21.118+0000] {taskinstance.py:1303} INFO - Executing <Task(SubDagOperator): section-1> on 2023-03-24 20:44:19.484271+00:00
[2023-03-24T20:44:21.123+0000] {standard_task_runner.py:55} INFO - Started process 2272 to run task
[2023-03-24T20:44:21.127+0000] {standard_task_runner.py:82} INFO - Running: ['***', 'tasks', 'run', 'example_subdag_operator', 'section-1', 'manual__2023-03-24T20:44:19.484271+00:00', '--job-id', '44', '--raw', '--subdir', '/home/***/.local/lib/python3.7/site-packages/***/example_dags/example_subdag_operator.py', '--cfg-path', '/tmp/tmpuzcu5s1u']
[2023-03-24T20:44:21.128+0000] {standard_task_runner.py:83} INFO - Job 44: Subtask section-1
[2023-03-24T20:44:21.205+0000] {task_command.py:388} INFO - Running <TaskInstance: example_subdag_operator.section-1 manual__2023-03-24T20:44:19.484271+00:00 [running]> on host e7c16d9fd17d
[2023-03-24T20:44:21.297+0000] {taskinstance.py:1511} INFO - Exporting the following env vars:
AIRFLOW_CTX_DAG_OWNER=***
AIRFLOW_CTX_DAG_ID=example_subdag_operator
AIRFLOW_CTX_TASK_ID=section-1
AIRFLOW_CTX_EXECUTION_DATE=2023-03-24T20:44:19.484271+00:00
AIRFLOW_CTX_TRY_NUMBER=1
AIRFLOW_CTX_DAG_RUN_ID=manual__2023-03-24T20:44:19.484271+00:00
[2023-03-24T20:44:21.297+0000] {warnings.py:110} WARNING - /home/***/.local/lib/python3.7/site-packages/***/utils/context.py:205: AirflowContextDeprecationWarning: Accessing 'execution_date' from the template is deprecated and will be removed in a future version. Please use 'data_interval_start' or 'logical_date' instead.
  warnings.warn(_create_deprecation_warning(key, self._deprecation_replacements[key]))

[2023-03-24T20:44:21.338+0000] {subdag.py:171} INFO - Created DagRun: scheduled__2023-03-24T20:44:19.484271+00:00
[2023-03-24T20:45:21.432+0000] {base.py:228} INFO - Success criteria met. Exiting.
[2023-03-24T20:45:21.456+0000] {subdag.py:186} INFO - Execution finished. State is success
[2023-03-24T20:45:21.477+0000] {taskinstance.py:1326} INFO - Marking task as SUCCESS. dag_id=example_subdag_operator, task_id=section-1, execution_date=20230324T204419, start_date=20230324T204421, end_date=20230324T204521
[2023-03-24T20:45:21.544+0000] {local_task_job.py:212} INFO - Task exited with return code 0
[2023-03-24T20:45:21.621+0000] {taskinstance.py:2585} INFO - 1 downstream tasks scheduled from follow-on schedule check
