[2023-03-24T20:07:50.547+0000] {taskinstance.py:1084} INFO - Dependencies all met for dep_context=non-requeueable deps ti=<TaskInstance: example_python_operator.virtualenv_classic manual__2023-03-24T20:07:35.709045+00:00 [queued]>
[2023-03-24T20:07:50.556+0000] {taskinstance.py:1084} INFO - Dependencies all met for dep_context=requeueable deps ti=<TaskInstance: example_python_operator.virtualenv_classic manual__2023-03-24T20:07:35.709045+00:00 [queued]>
[2023-03-24T20:07:50.556+0000] {taskinstance.py:1282} INFO - 
--------------------------------------------------------------------------------
[2023-03-24T20:07:50.556+0000] {taskinstance.py:1283} INFO - Starting attempt 1 of 1
[2023-03-24T20:07:50.556+0000] {taskinstance.py:1284} INFO - 
--------------------------------------------------------------------------------
[2023-03-24T20:07:50.570+0000] {taskinstance.py:1303} INFO - Executing <Task(PythonVirtualenvOperator): virtualenv_classic> on 2023-03-24 20:07:35.709045+00:00
[2023-03-24T20:07:50.574+0000] {standard_task_runner.py:55} INFO - Started process 701 to run task
[2023-03-24T20:07:50.576+0000] {standard_task_runner.py:82} INFO - Running: ['***', 'tasks', 'run', 'example_python_operator', 'virtualenv_classic', 'manual__2023-03-24T20:07:35.709045+00:00', '--job-id', '20', '--raw', '--subdir', '/home/***/.local/lib/python3.7/site-packages/***/example_dags/example_python_operator.py', '--cfg-path', '/tmp/tmpb89bzqz3']
[2023-03-24T20:07:50.577+0000] {standard_task_runner.py:83} INFO - Job 20: Subtask virtualenv_classic
[2023-03-24T20:07:50.634+0000] {task_command.py:388} INFO - Running <TaskInstance: example_python_operator.virtualenv_classic manual__2023-03-24T20:07:35.709045+00:00 [running]> on host e7c16d9fd17d
[2023-03-24T20:07:50.713+0000] {taskinstance.py:1511} INFO - Exporting the following env vars:
AIRFLOW_CTX_DAG_OWNER=***
AIRFLOW_CTX_DAG_ID=example_python_operator
AIRFLOW_CTX_TASK_ID=virtualenv_classic
AIRFLOW_CTX_EXECUTION_DATE=2023-03-24T20:07:35.709045+00:00
AIRFLOW_CTX_TRY_NUMBER=1
AIRFLOW_CTX_DAG_RUN_ID=manual__2023-03-24T20:07:35.709045+00:00
[2023-03-24T20:07:50.715+0000] {process_utils.py:179} INFO - Executing cmd: /usr/local/bin/python -m virtualenv /tmp/venvet0ilc_6 --system-site-packages
[2023-03-24T20:07:50.724+0000] {process_utils.py:183} INFO - Output:
[2023-03-24T20:07:51.987+0000] {process_utils.py:187} INFO - created virtual environment CPython3.7.16.final.0-64 in 487ms
[2023-03-24T20:07:51.988+0000] {process_utils.py:187} INFO -   creator CPython3Posix(dest=/tmp/venvet0ilc_6, clear=False, no_vcs_ignore=False, global=True)
[2023-03-24T20:07:51.988+0000] {process_utils.py:187} INFO -   seeder FromAppData(download=False, pip=bundle, setuptools=bundle, wheel=bundle, via=copy, app_data_dir=/home/***/.local/share/virtualenv)
[2023-03-24T20:07:51.988+0000] {process_utils.py:187} INFO -     added seed packages: pip==23.0.1, setuptools==67.4.0, wheel==0.38.4
[2023-03-24T20:07:51.988+0000] {process_utils.py:187} INFO -   activators BashActivator,CShellActivator,FishActivator,NushellActivator,PowerShellActivator,PythonActivator
[2023-03-24T20:07:52.038+0000] {process_utils.py:179} INFO - Executing cmd: /tmp/venvet0ilc_6/bin/pip install -r /tmp/venvet0ilc_6/requirements.txt
[2023-03-24T20:07:52.048+0000] {process_utils.py:183} INFO - Output:
[2023-03-24T20:07:53.972+0000] {process_utils.py:187} INFO - Collecting colorama==0.4.0
[2023-03-24T20:07:54.114+0000] {process_utils.py:187} INFO -   Downloading colorama-0.4.0-py2.py3-none-any.whl (21 kB)
[2023-03-24T20:07:59.988+0000] {process_utils.py:187} INFO - Installing collected packages: colorama
[2023-03-24T20:07:59.988+0000] {process_utils.py:187} INFO -   Attempting uninstall: colorama
[2023-03-24T20:07:59.991+0000] {process_utils.py:187} INFO -     Found existing installation: colorama 0.4.6
[2023-03-24T20:07:59.991+0000] {process_utils.py:187} INFO -     Not uninstalling colorama at /home/***/.local/lib/python3.7/site-packages, outside environment /tmp/venvet0ilc_6
[2023-03-24T20:07:59.992+0000] {process_utils.py:187} INFO -     Can't uninstall 'colorama'. No files were found to uninstall.
[2023-03-24T20:08:00.019+0000] {process_utils.py:187} INFO - Successfully installed colorama-0.4.0
[2023-03-24T20:08:00.398+0000] {process_utils.py:179} INFO - Executing cmd: /tmp/venvet0ilc_6/bin/python /tmp/venvet0ilc_6/script.py /tmp/venvet0ilc_6/script.in /tmp/venvet0ilc_6/script.out /tmp/venvet0ilc_6/string_args.txt
[2023-03-24T20:08:00.407+0000] {process_utils.py:183} INFO - Output:
[2023-03-24T20:08:01.703+0000] {python.py:177} INFO - Done. Returned value was: None
[2023-03-24T20:08:01.716+0000] {taskinstance.py:1326} INFO - Marking task as SUCCESS. dag_id=example_python_operator, task_id=virtualenv_classic, execution_date=20230324T200735, start_date=20230324T200750, end_date=20230324T200801
[2023-03-24T20:08:01.775+0000] {local_task_job.py:212} INFO - Task exited with return code 0
[2023-03-24T20:08:01.791+0000] {taskinstance.py:2585} INFO - 0 downstream tasks scheduled from follow-on schedule check
