[2023-03-24T20:41:31.213+0000] {taskinstance.py:1084} INFO - Dependencies all met for dep_context=non-requeueable deps ti=<TaskInstance: tutorial.print_date manual__2023-03-24T20:41:29+00:00 [queued]>
[2023-03-24T20:41:31.221+0000] {taskinstance.py:1084} INFO - Dependencies all met for dep_context=requeueable deps ti=<TaskInstance: tutorial.print_date manual__2023-03-24T20:41:29+00:00 [queued]>
[2023-03-24T20:41:31.221+0000] {taskinstance.py:1282} INFO - 
--------------------------------------------------------------------------------
[2023-03-24T20:41:31.221+0000] {taskinstance.py:1283} INFO - Starting attempt 1 of 2
[2023-03-24T20:41:31.221+0000] {taskinstance.py:1284} INFO - 
--------------------------------------------------------------------------------
[2023-03-24T20:41:31.234+0000] {taskinstance.py:1303} INFO - Executing <Task(BashOperator): print_date> on 2023-03-24 20:41:29+00:00
[2023-03-24T20:41:31.239+0000] {standard_task_runner.py:55} INFO - Started process 2136 to run task
[2023-03-24T20:41:31.242+0000] {standard_task_runner.py:82} INFO - Running: ['***', 'tasks', 'run', 'tutorial', 'print_date', 'manual__2023-03-24T20:41:29+00:00', '--job-id', '38', '--raw', '--subdir', '/home/***/.local/lib/python3.7/site-packages/***/example_dags/tutorial.py', '--cfg-path', '/tmp/tmpfz5n0i_o']
[2023-03-24T20:41:31.242+0000] {standard_task_runner.py:83} INFO - Job 38: Subtask print_date
[2023-03-24T20:41:31.304+0000] {task_command.py:388} INFO - Running <TaskInstance: tutorial.print_date manual__2023-03-24T20:41:29+00:00 [running]> on host e7c16d9fd17d
[2023-03-24T20:41:31.375+0000] {taskinstance.py:1511} INFO - Exporting the following env vars:
AIRFLOW_CTX_DAG_EMAIL=***@example.com
AIRFLOW_CTX_DAG_OWNER=***
AIRFLOW_CTX_DAG_ID=tutorial
AIRFLOW_CTX_TASK_ID=print_date
AIRFLOW_CTX_EXECUTION_DATE=2023-03-24T20:41:29+00:00
AIRFLOW_CTX_TRY_NUMBER=1
AIRFLOW_CTX_DAG_RUN_ID=manual__2023-03-24T20:41:29+00:00
[2023-03-24T20:41:31.376+0000] {subprocess.py:63} INFO - Tmp dir root location: 
 /tmp
[2023-03-24T20:41:31.376+0000] {subprocess.py:75} INFO - Running command: ['/bin/bash', '-c', 'date']
[2023-03-24T20:41:31.386+0000] {subprocess.py:86} INFO - Output:
[2023-03-24T20:41:31.389+0000] {subprocess.py:93} INFO - Fri Mar 24 20:41:31 UTC 2023
[2023-03-24T20:41:31.389+0000] {subprocess.py:97} INFO - Command exited with return code 0
[2023-03-24T20:41:31.419+0000] {taskinstance.py:1326} INFO - Marking task as SUCCESS. dag_id=tutorial, task_id=print_date, execution_date=20230324T204129, start_date=20230324T204131, end_date=20230324T204131
[2023-03-24T20:41:31.454+0000] {local_task_job.py:212} INFO - Task exited with return code 0
[2023-03-24T20:41:31.523+0000] {taskinstance.py:2585} INFO - 2 downstream tasks scheduled from follow-on schedule check
