[2023-03-24T20:06:37.463+0000] {taskinstance.py:1084} INFO - Dependencies all met for dep_context=non-requeueable deps ti=<TaskInstance: example_branch_datetime_operator.datetime_branch scheduled__2023-03-23T00:00:00+00:00 [queued]>
[2023-03-24T20:06:37.474+0000] {taskinstance.py:1084} INFO - Dependencies all met for dep_context=requeueable deps ti=<TaskInstance: example_branch_datetime_operator.datetime_branch scheduled__2023-03-23T00:00:00+00:00 [queued]>
[2023-03-24T20:06:37.474+0000] {taskinstance.py:1282} INFO - 
--------------------------------------------------------------------------------
[2023-03-24T20:06:37.474+0000] {taskinstance.py:1283} INFO - Starting attempt 1 of 1
[2023-03-24T20:06:37.475+0000] {taskinstance.py:1284} INFO - 
--------------------------------------------------------------------------------
[2023-03-24T20:06:37.490+0000] {taskinstance.py:1303} INFO - Executing <Task(BranchDateTimeOperator): datetime_branch> on 2023-03-23 00:00:00+00:00
[2023-03-24T20:06:37.495+0000] {standard_task_runner.py:55} INFO - Started process 634 to run task
[2023-03-24T20:06:37.497+0000] {standard_task_runner.py:82} INFO - Running: ['***', 'tasks', 'run', 'example_branch_datetime_operator', 'datetime_branch', 'scheduled__2023-03-23T00:00:00+00:00', '--job-id', '14', '--raw', '--subdir', '/home/***/.local/lib/python3.7/site-packages/***/example_dags/example_branch_datetime_operator.py', '--cfg-path', '/tmp/tmpleqhsfa1']
[2023-03-24T20:06:37.498+0000] {standard_task_runner.py:83} INFO - Job 14: Subtask datetime_branch
[2023-03-24T20:06:37.566+0000] {task_command.py:388} INFO - Running <TaskInstance: example_branch_datetime_operator.datetime_branch scheduled__2023-03-23T00:00:00+00:00 [running]> on host e7c16d9fd17d
[2023-03-24T20:06:37.645+0000] {taskinstance.py:1511} INFO - Exporting the following env vars:
AIRFLOW_CTX_DAG_OWNER=***
AIRFLOW_CTX_DAG_ID=example_branch_datetime_operator
AIRFLOW_CTX_TASK_ID=datetime_branch
AIRFLOW_CTX_EXECUTION_DATE=2023-03-23T00:00:00+00:00
AIRFLOW_CTX_TRY_NUMBER=1
AIRFLOW_CTX_DAG_RUN_ID=scheduled__2023-03-23T00:00:00+00:00
[2023-03-24T20:06:37.646+0000] {skipmixin.py:155} INFO - Following branch ['date_outside_range']
[2023-03-24T20:06:37.646+0000] {skipmixin.py:211} INFO - Skipping tasks ['date_in_range']
[2023-03-24T20:06:37.700+0000] {taskinstance.py:1326} INFO - Marking task as SUCCESS. dag_id=example_branch_datetime_operator, task_id=datetime_branch, execution_date=20230323T000000, start_date=20230324T200637, end_date=20230324T200637
[2023-03-24T20:06:37.749+0000] {local_task_job.py:212} INFO - Task exited with return code 0
[2023-03-24T20:06:37.789+0000] {taskinstance.py:2585} INFO - 1 downstream tasks scheduled from follow-on schedule check
