[2023-03-24T20:56:56.383+0000] {taskinstance.py:1084} INFO - Dependencies all met for dep_context=non-requeueable deps ti=<TaskInstance: example_subdag_operator.section-2 scheduled__2022-01-01T00:00:00+00:00 [queued]>
[2023-03-24T20:56:56.391+0000] {taskinstance.py:1084} INFO - Dependencies all met for dep_context=requeueable deps ti=<TaskInstance: example_subdag_operator.section-2 scheduled__2022-01-01T00:00:00+00:00 [queued]>
[2023-03-24T20:56:56.391+0000] {taskinstance.py:1282} INFO - 
--------------------------------------------------------------------------------
[2023-03-24T20:56:56.391+0000] {taskinstance.py:1283} INFO - Starting attempt 2 of 3
[2023-03-24T20:56:56.391+0000] {taskinstance.py:1284} INFO - 
--------------------------------------------------------------------------------
[2023-03-24T20:56:56.405+0000] {taskinstance.py:1303} INFO - Executing <Task(SubDagOperator): section-2> on 2022-01-01 00:00:00+00:00
[2023-03-24T20:56:56.409+0000] {standard_task_runner.py:55} INFO - Started process 2505 to run task
[2023-03-24T20:56:56.412+0000] {standard_task_runner.py:82} INFO - Running: ['***', 'tasks', 'run', 'example_subdag_operator', 'section-2', 'scheduled__2022-01-01T00:00:00+00:00', '--job-id', '47', '--raw', '--subdir', '/home/***/.local/lib/python3.7/site-packages/***/example_dags/example_subdag_operator.py', '--cfg-path', '/tmp/tmpkuc9u7xe']
[2023-03-24T20:56:56.412+0000] {standard_task_runner.py:83} INFO - Job 47: Subtask section-2
[2023-03-24T20:56:56.475+0000] {task_command.py:388} INFO - Running <TaskInstance: example_subdag_operator.section-2 scheduled__2022-01-01T00:00:00+00:00 [running]> on host e7c16d9fd17d
[2023-03-24T20:56:56.553+0000] {taskinstance.py:1511} INFO - Exporting the following env vars:
AIRFLOW_CTX_DAG_OWNER=***
AIRFLOW_CTX_DAG_ID=example_subdag_operator
AIRFLOW_CTX_TASK_ID=section-2
AIRFLOW_CTX_EXECUTION_DATE=2022-01-01T00:00:00+00:00
AIRFLOW_CTX_TRY_NUMBER=2
AIRFLOW_CTX_DAG_RUN_ID=scheduled__2022-01-01T00:00:00+00:00
[2023-03-24T20:56:56.554+0000] {warnings.py:110} WARNING - /home/***/.local/lib/python3.7/site-packages/***/utils/context.py:205: AirflowContextDeprecationWarning: Accessing 'execution_date' from the template is deprecated and will be removed in a future version. Please use 'data_interval_start' or 'logical_date' instead.
  warnings.warn(_create_deprecation_warning(key, self._deprecation_replacements[key]))

[2023-03-24T20:56:56.562+0000] {subdag.py:173} INFO - Found existing DagRun: scheduled__2022-01-01T00:00:00+00:00
[2023-03-24T20:56:56.570+0000] {base.py:228} INFO - Success criteria met. Exiting.
[2023-03-24T20:56:56.577+0000] {subdag.py:186} INFO - Execution finished. State is success
[2023-03-24T20:56:56.588+0000] {taskinstance.py:1326} INFO - Marking task as SUCCESS. dag_id=example_subdag_operator, task_id=section-2, execution_date=20220101T000000, start_date=20230324T205656, end_date=20230324T205656
[2023-03-24T20:56:56.624+0000] {local_task_job.py:212} INFO - Task exited with return code 0
[2023-03-24T20:56:56.660+0000] {taskinstance.py:2585} INFO - 1 downstream tasks scheduled from follow-on schedule check
