[2023-03-24T20:07:42.572+0000] {taskinstance.py:1084} INFO - Dependencies all met for dep_context=non-requeueable deps ti=<TaskInstance: example_python_operator.external_python manual__2023-03-24T20:07:35.709045+00:00 [queued]>
[2023-03-24T20:07:42.582+0000] {taskinstance.py:1084} INFO - Dependencies all met for dep_context=requeueable deps ti=<TaskInstance: example_python_operator.external_python manual__2023-03-24T20:07:35.709045+00:00 [queued]>
[2023-03-24T20:07:42.583+0000] {taskinstance.py:1282} INFO - 
--------------------------------------------------------------------------------
[2023-03-24T20:07:42.583+0000] {taskinstance.py:1283} INFO - Starting attempt 1 of 1
[2023-03-24T20:07:42.583+0000] {taskinstance.py:1284} INFO - 
--------------------------------------------------------------------------------
[2023-03-24T20:07:42.596+0000] {taskinstance.py:1303} INFO - Executing <Task(_PythonExternalDecoratedOperator): external_python> on 2023-03-24 20:07:35.709045+00:00
[2023-03-24T20:07:42.601+0000] {standard_task_runner.py:55} INFO - Started process 692 to run task
[2023-03-24T20:07:42.603+0000] {standard_task_runner.py:82} INFO - Running: ['***', 'tasks', 'run', 'example_python_operator', 'external_python', 'manual__2023-03-24T20:07:35.709045+00:00', '--job-id', '19', '--raw', '--subdir', '/home/***/.local/lib/python3.7/site-packages/***/example_dags/example_python_operator.py', '--cfg-path', '/tmp/tmp18gx46hh']
[2023-03-24T20:07:42.604+0000] {standard_task_runner.py:83} INFO - Job 19: Subtask external_python
[2023-03-24T20:07:42.663+0000] {task_command.py:388} INFO - Running <TaskInstance: example_python_operator.external_python manual__2023-03-24T20:07:35.709045+00:00 [running]> on host e7c16d9fd17d
[2023-03-24T20:07:42.749+0000] {taskinstance.py:1511} INFO - Exporting the following env vars:
AIRFLOW_CTX_DAG_OWNER=***
AIRFLOW_CTX_DAG_ID=example_python_operator
AIRFLOW_CTX_TASK_ID=external_python
AIRFLOW_CTX_EXECUTION_DATE=2023-03-24T20:07:35.709045+00:00
AIRFLOW_CTX_TRY_NUMBER=1
AIRFLOW_CTX_DAG_RUN_ID=manual__2023-03-24T20:07:35.709045+00:00
[2023-03-24T20:07:44.064+0000] {process_utils.py:179} INFO - Executing cmd: /usr/local/bin/python /tmp/tmd7lj5gbka/script.py /tmp/tmd7lj5gbka/script.in /tmp/tmd7lj5gbka/script.out /tmp/tmd7lj5gbka/string_args.txt
[2023-03-24T20:07:44.073+0000] {process_utils.py:183} INFO - Output:
[2023-03-24T20:07:45.284+0000] {process_utils.py:187} INFO - Running task via /usr/local/bin/python
[2023-03-24T20:07:45.284+0000] {process_utils.py:187} INFO - Sleeping
[2023-03-24T20:07:45.284+0000] {process_utils.py:187} INFO - Please wait...
[2023-03-24T20:07:46.285+0000] {process_utils.py:187} INFO - Please wait...
[2023-03-24T20:07:47.286+0000] {process_utils.py:187} INFO - Please wait...
[2023-03-24T20:07:48.287+0000] {process_utils.py:187} INFO - Please wait...
[2023-03-24T20:07:49.288+0000] {process_utils.py:187} INFO - Finished
[2023-03-24T20:07:49.386+0000] {python.py:177} INFO - Done. Returned value was: None
[2023-03-24T20:07:49.398+0000] {taskinstance.py:1326} INFO - Marking task as SUCCESS. dag_id=example_python_operator, task_id=external_python, execution_date=20230324T200735, start_date=20230324T200742, end_date=20230324T200749
[2023-03-24T20:07:49.438+0000] {local_task_job.py:212} INFO - Task exited with return code 0
[2023-03-24T20:07:49.499+0000] {taskinstance.py:2585} INFO - 1 downstream tasks scheduled from follow-on schedule check
